::1 - - [12/Jan/2022:19:53:55 +0700] "GET / HTTP/1.1" 302 - "-" "Mozilla/5.0 (Windows NT 10.0; Win64; x64) AppleWebKit/537.36 (KHTML, like Gecko) Chrome/97.0.4692.71 Safari/537.36"
::1 - - [12/Jan/2022:19:53:55 +0700] "GET /install.php HTTP/1.1" 200 14026 "-" "Mozilla/5.0 (Windows NT 10.0; Win64; x64) AppleWebKit/537.36 (KHTML, like Gecko) Chrome/97.0.4692.71 Safari/537.36"
::1 - - [12/Jan/2022:19:53:58 +0700] "GET /pix/moodlelogo.png HTTP/1.1" 200 17293 "http://localhost:82/install.php" "Mozilla/5.0 (Windows NT 10.0; Win64; x64) AppleWebKit/537.36 (KHTML, like Gecko) Chrome/97.0.4692.71 Safari/537.36"
::1 - - [12/Jan/2022:19:53:58 +0700] "GET /install/css.php HTTP/1.1" 200 563209 "http://localhost:82/install.php" "Mozilla/5.0 (Windows NT 10.0; Win64; x64) AppleWebKit/537.36 (KHTML, like Gecko) Chrome/97.0.4692.71 Safari/537.36"
::1 - - [12/Jan/2022:19:53:59 +0700] "GET /theme/clean/pix/favicon.ico HTTP/1.1" 404 1204 "http://localhost:82/install.php" "Mozilla/5.0 (Windows NT 10.0; Win64; x64) AppleWebKit/537.36 (KHTML, like Gecko) Chrome/97.0.4692.71 Safari/537.36"
::1 - - [12/Jan/2022:19:54:21 +0700] "POST /install.php HTTP/1.1" 200 4647 "http://localhost:82/install.php" "Mozilla/5.0 (Windows NT 10.0; Win64; x64) AppleWebKit/537.36 (KHTML, like Gecko) Chrome/97.0.4692.71 Safari/537.36"
::1 - - [12/Jan/2022:19:54:22 +0700] "GET /install/css.php HTTP/1.1" 200 563209 "http://localhost:82/install.php" "Mozilla/5.0 (Windows NT 10.0; Win64; x64) AppleWebKit/537.36 (KHTML, like Gecko) Chrome/97.0.4692.71 Safari/537.36"
::1 - - [12/Jan/2022:19:54:30 +0700] "POST /install.php HTTP/1.1" 200 4754 "http://localhost:82/install.php" "Mozilla/5.0 (Windows NT 10.0; Win64; x64) AppleWebKit/537.36 (KHTML, like Gecko) Chrome/97.0.4692.71 Safari/537.36"
::1 - - [12/Jan/2022:19:54:30 +0700] "GET /install/css.php HTTP/1.1" 200 563209 "http://localhost:82/install.php" "Mozilla/5.0 (Windows NT 10.0; Win64; x64) AppleWebKit/537.36 (KHTML, like Gecko) Chrome/97.0.4692.71 Safari/537.36"
::1 - - [12/Jan/2022:19:56:24 +0700] "GET / HTTP/1.1" 302 - "-" "Mozilla/5.0 (Windows NT 10.0; Win64; x64) AppleWebKit/537.36 (KHTML, like Gecko) Chrome/97.0.4692.71 Safari/537.36"
::1 - - [12/Jan/2022:19:56:24 +0700] "GET /install.php HTTP/1.1" 200 14003 "-" "Mozilla/5.0 (Windows NT 10.0; Win64; x64) AppleWebKit/537.36 (KHTML, like Gecko) Chrome/97.0.4692.71 Safari/537.36"
::1 - - [12/Jan/2022:19:56:25 +0700] "GET /install/css.php HTTP/1.1" 200 563209 "http://localhost:81/install.php" "Mozilla/5.0 (Windows NT 10.0; Win64; x64) AppleWebKit/537.36 (KHTML, like Gecko) Chrome/97.0.4692.71 Safari/537.36"
::1 - - [12/Jan/2022:19:56:25 +0700] "GET /pix/moodlelogo.png HTTP/1.1" 200 17293 "http://localhost:81/install.php" "Mozilla/5.0 (Windows NT 10.0; Win64; x64) AppleWebKit/537.36 (KHTML, like Gecko) Chrome/97.0.4692.71 Safari/537.36"
::1 - - [12/Jan/2022:19:56:27 +0700] "GET /theme/clean/pix/favicon.ico HTTP/1.1" 404 1204 "http://localhost:81/install.php" "Mozilla/5.0 (Windows NT 10.0; Win64; x64) AppleWebKit/537.36 (KHTML, like Gecko) Chrome/97.0.4692.71 Safari/537.36"
::1 - - [12/Jan/2022:19:56:27 +0700] "POST /install.php HTTP/1.1" 200 4578 "http://localhost:81/install.php" "Mozilla/5.0 (Windows NT 10.0; Win64; x64) AppleWebKit/537.36 (KHTML, like Gecko) Chrome/97.0.4692.71 Safari/537.36"
::1 - - [12/Jan/2022:19:56:27 +0700] "GET /install/css.php HTTP/1.1" 200 563209 "http://localhost:81/install.php" "Mozilla/5.0 (Windows NT 10.0; Win64; x64) AppleWebKit/537.36 (KHTML, like Gecko) Chrome/97.0.4692.71 Safari/537.36"
::1 - - [12/Jan/2022:19:56:30 +0700] "POST /install.php HTTP/1.1" 200 4731 "http://localhost:81/install.php" "Mozilla/5.0 (Windows NT 10.0; Win64; x64) AppleWebKit/537.36 (KHTML, like Gecko) Chrome/97.0.4692.71 Safari/537.36"
::1 - - [12/Jan/2022:19:56:30 +0700] "GET /install/css.php HTTP/1.1" 200 563209 "http://localhost:81/install.php" "Mozilla/5.0 (Windows NT 10.0; Win64; x64) AppleWebKit/537.36 (KHTML, like Gecko) Chrome/97.0.4692.71 Safari/537.36"
::1 - - [12/Jan/2022:19:56:34 +0700] "POST /install.php HTTP/1.1" 303 1507 "http://localhost:81/install.php" "Mozilla/5.0 (Windows NT 10.0; Win64; x64) AppleWebKit/537.36 (KHTML, like Gecko) Chrome/97.0.4692.71 Safari/537.36"
::1 - - [12/Jan/2022:19:56:37 +0700] "GET /admin/index.php?lang=en HTTP/1.1" 200 23286 "http://localhost:81/install.php" "Mozilla/5.0 (Windows NT 10.0; Win64; x64) AppleWebKit/537.36 (KHTML, like Gecko) Chrome/97.0.4692.71 Safari/537.36"
::1 - - [12/Jan/2022:19:56:40 +0700] "GET /lib/javascript.php?rev=-1&jsfile=%2Flib%2Fjavascript-static.js HTTP/1.1" 200 44419 "http://localhost:81/admin/index.php?lang=en" "Mozilla/5.0 (Windows NT 10.0; Win64; x64) AppleWebKit/537.36 (KHTML, like Gecko) Chrome/97.0.4692.71 Safari/537.36"
::1 - - [12/Jan/2022:19:56:40 +0700] "GET /lib/javascript.php?rev=-1&jsfile=%2Flib%2Frequirejs%2Frequire.min.js HTTP/1.1" 200 17739 "http://localhost:81/admin/index.php?lang=en" "Mozilla/5.0 (Windows NT 10.0; Win64; x64) AppleWebKit/537.36 (KHTML, like Gecko) Chrome/97.0.4692.71 Safari/537.36"
::1 - - [12/Jan/2022:19:56:40 +0700] "GET /lib/javascript.php?rev=-1&jsfile=%2Flib%2Fpolyfills%2Fpolyfill.js HTTP/1.1" 200 214126 "http://localhost:81/admin/index.php?lang=en" "Mozilla/5.0 (Windows NT 10.0; Win64; x64) AppleWebKit/537.36 (KHTML, like Gecko) Chrome/97.0.4692.71 Safari/537.36"
::1 - - [12/Jan/2022:19:56:40 +0700] "GET /theme/styles.php?theme=boost&rev=1_1&type=all HTTP/1.1" 200 119237 "http://localhost:81/admin/index.php?lang=en" "Mozilla/5.0 (Windows NT 10.0; Win64; x64) AppleWebKit/537.36 (KHTML, like Gecko) Chrome/97.0.4692.71 Safari/537.36"
::1 - - [12/Jan/2022:19:56:44 +0700] "GET /lib/requirejs.php?file=%2F-1%2F/core/first.js HTTP/1.1" 200 241 "http://localhost:81/admin/index.php?lang=en" "Mozilla/5.0 (Windows NT 10.0; Win64; x64) AppleWebKit/537.36 (KHTML, like Gecko) Chrome/97.0.4692.71 Safari/537.36"
::1 - - [12/Jan/2022:19:56:44 +0700] "GET /theme/font.php?theme=boost&component=core&rev=1&font=fontawesome-webfont.woff2?v=4.7.0 HTTP/1.1" 200 77160 "http://localhost:81/theme/styles.php?theme=boost&rev=1_1&type=all" "Mozilla/5.0 (Windows NT 10.0; Win64; x64) AppleWebKit/537.36 (KHTML, like Gecko) Chrome/97.0.4692.71 Safari/537.36"
::1 - - [12/Jan/2022:19:56:44 +0700] "GET /lib/javascript.php?file=%2F-1%2Flib/jquery/jquery-3.5.1.min.js HTTP/1.1" 200 89477 "http://localhost:81/admin/index.php?lang=en" "Mozilla/5.0 (Windows NT 10.0; Win64; x64) AppleWebKit/537.36 (KHTML, like Gecko) Chrome/97.0.4692.71 Safari/537.36"
::1 - - [12/Jan/2022:19:56:45 +0700] "GET /lib/requirejs.php?file=%2F-1%2F/theme_boost/footer-popover.js HTTP/1.1" 200 717 "http://localhost:81/admin/index.php?lang=en" "Mozilla/5.0 (Windows NT 10.0; Win64; x64) AppleWebKit/537.36 (KHTML, like Gecko) Chrome/97.0.4692.71 Safari/537.36"
::1 - - [12/Jan/2022:19:56:45 +0700] "GET /lib/requirejs.php?file=%2F-1%2F/core/log.js HTTP/1.1" 200 328 "http://localhost:81/admin/index.php?lang=en" "Mozilla/5.0 (Windows NT 10.0; Win64; x64) AppleWebKit/537.36 (KHTML, like Gecko) Chrome/97.0.4692.71 Safari/537.36"
::1 - - [12/Jan/2022:19:56:45 +0700] "GET /lib/requirejs.php?file=%2F-1%2F/core/page_global.js HTTP/1.1" 200 1058 "http://localhost:81/admin/index.php?lang=en" "Mozilla/5.0 (Windows NT 10.0; Win64; x64) AppleWebKit/537.36 (KHTML, like Gecko) Chrome/97.0.4692.71 Safari/537.36"
::1 - - [12/Jan/2022:19:56:45 +0700] "GET /lib/requirejs.php?file=%2F-1%2F/theme_boost/loader.js HTTP/1.1" 200 2124 "http://localhost:81/admin/index.php?lang=en" "Mozilla/5.0 (Windows NT 10.0; Win64; x64) AppleWebKit/537.36 (KHTML, like Gecko) Chrome/97.0.4692.71 Safari/537.36"
::1 - - [12/Jan/2022:19:56:45 +0700] "GET /lib/requirejs.php?file=%2F-1%2F/core/confirm.js HTTP/1.1" 200 1775 "http://localhost:81/admin/index.php?lang=en" "Mozilla/5.0 (Windows NT 10.0; Win64; x64) AppleWebKit/537.36 (KHTML, like Gecko) Chrome/97.0.4692.71 Safari/537.36"
::1 - - [12/Jan/2022:19:56:45 +0700] "GET /lib/requirejs.php?file=%2F-1%2F/theme_boost/popover.js HTTP/1.1" 200 369 "http://localhost:81/admin/index.php?lang=en" "Mozilla/5.0 (Windows NT 10.0; Win64; x64) AppleWebKit/537.36 (KHTML, like Gecko) Chrome/97.0.4692.71 Safari/537.36"
::1 - - [12/Jan/2022:19:56:45 +0700] "GET /lib/requirejs.php?file=%2F-1%2F/theme_boost/aria.js HTTP/1.1" 200 3692 "http://localhost:81/admin/index.php?lang=en" "Mozilla/5.0 (Windows NT 10.0; Win64; x64) AppleWebKit/537.36 (KHTML, like Gecko) Chrome/97.0.4692.71 Safari/537.36"
::1 - - [12/Jan/2022:19:56:45 +0700] "GET /lib/requirejs.php?file=%2F-1%2F/core/loglevel.js HTTP/1.1" 200 3747 "http://localhost:81/admin/index.php?lang=en" "Mozilla/5.0 (Windows NT 10.0; Win64; x64) AppleWebKit/537.36 (KHTML, like Gecko) Chrome/97.0.4692.71 Safari/537.36"
::1 - - [12/Jan/2022:19:56:45 +0700] "GET /lib/requirejs.php?file=%2F-1%2F/core/network.js HTTP/1.1" 200 2511 "http://localhost:81/admin/index.php?lang=en" "Mozilla/5.0 (Windows NT 10.0; Win64; x64) AppleWebKit/537.36 (KHTML, like Gecko) Chrome/97.0.4692.71 Safari/537.36"
::1 - - [12/Jan/2022:19:56:45 +0700] "GET /lib/requirejs.php?file=%2F-1%2F/core/custom_interaction_events.js HTTP/1.1" 200 4587 "http://localhost:81/admin/index.php?lang=en" "Mozilla/5.0 (Windows NT 10.0; Win64; x64) AppleWebKit/537.36 (KHTML, like Gecko) Chrome/97.0.4692.71 Safari/537.36"
::1 - - [12/Jan/2022:19:56:45 +0700] "GET /lib/requirejs.php?file=%2F-1%2F/theme_boost/index.js HTTP/1.1" 200 1660 "http://localhost:81/admin/index.php?lang=en" "Mozilla/5.0 (Windows NT 10.0; Win64; x64) AppleWebKit/537.36 (KHTML, like Gecko) Chrome/97.0.4692.71 Safari/537.36"
::1 - - [12/Jan/2022:19:56:45 +0700] "GET /lib/requirejs.php?file=%2F-1%2F/core/str.js HTTP/1.1" 200 2695 "http://localhost:81/admin/index.php?lang=en" "Mozilla/5.0 (Windows NT 10.0; Win64; x64) AppleWebKit/537.36 (KHTML, like Gecko) Chrome/97.0.4692.71 Safari/537.36"
::1 - - [12/Jan/2022:19:56:45 +0700] "GET /lib/requirejs.php?file=%2F-1%2F/core/pending.js HTTP/1.1" 200 293 "http://localhost:81/admin/index.php?lang=en" "Mozilla/5.0 (Windows NT 10.0; Win64; x64) AppleWebKit/537.36 (KHTML, like Gecko) Chrome/97.0.4692.71 Safari/537.36"
::1 - - [12/Jan/2022:19:56:45 +0700] "GET /lib/requirejs.php?file=%2F-1%2F/theme_boost/pending.js HTTP/1.1" 200 2147 "http://localhost:81/admin/index.php?lang=en" "Mozilla/5.0 (Windows NT 10.0; Win64; x64) AppleWebKit/537.36 (KHTML, like Gecko) Chrome/97.0.4692.71 Safari/537.36"
::1 - - [12/Jan/2022:19:56:45 +0700] "GET /lib/requirejs.php?file=%2F-1%2F/core/toast.js HTTP/1.1" 200 3197 "http://localhost:81/admin/index.php?lang=en" "Mozilla/5.0 (Windows NT 10.0; Win64; x64) AppleWebKit/537.36 (KHTML, like Gecko) Chrome/97.0.4692.71 Safari/537.36"
::1 - - [12/Jan/2022:19:56:45 +0700] "GET /lib/requirejs.php?file=%2F-1%2F/core/notification.js HTTP/1.1" 200 9053 "http://localhost:81/admin/index.php?lang=en" "Mozilla/5.0 (Windows NT 10.0; Win64; x64) AppleWebKit/537.36 (KHTML, like Gecko) Chrome/97.0.4692.71 Safari/537.36"
::1 - - [12/Jan/2022:19:56:45 +0700] "GET /lib/requirejs.php?file=%2F-1%2F/theme_boost/bootstrap/popover.js HTTP/1.1" 200 5385 "http://localhost:81/admin/index.php?lang=en" "Mozilla/5.0 (Windows NT 10.0; Win64; x64) AppleWebKit/537.36 (KHTML, like Gecko) Chrome/97.0.4692.71 Safari/537.36"
::1 - - [12/Jan/2022:19:56:45 +0700] "GET /lib/requirejs.php?file=%2F-1%2F/core/ajax.js HTTP/1.1" 200 2014 "http://localhost:81/admin/index.php?lang=en" "Mozilla/5.0 (Windows NT 10.0; Win64; x64) AppleWebKit/537.36 (KHTML, like Gecko) Chrome/97.0.4692.71 Safari/537.36"
::1 - - [12/Jan/2022:19:56:45 +0700] "GET /lib/requirejs.php?file=%2F-1%2F/core/config.js HTTP/1.1" 200 124 "http://localhost:81/admin/index.php?lang=en" "Mozilla/5.0 (Windows NT 10.0; Win64; x64) AppleWebKit/537.36 (KHTML, like Gecko) Chrome/97.0.4692.71 Safari/537.36"
::1 - - [12/Jan/2022:19:56:45 +0700] "GET /lib/requirejs.php?file=%2F-1%2F/core/key_codes.js HTTP/1.1" 200 288 "http://localhost:81/admin/index.php?lang=en" "Mozilla/5.0 (Windows NT 10.0; Win64; x64) AppleWebKit/537.36 (KHTML, like Gecko) Chrome/97.0.4692.71 Safari/537.36"
::1 - - [12/Jan/2022:19:56:45 +0700] "GET /lib/requirejs.php?file=%2F-1%2F/theme_boost/bootstrap/collapse.js HTTP/1.1" 200 7638 "http://localhost:81/admin/index.php?lang=en" "Mozilla/5.0 (Windows NT 10.0; Win64; x64) AppleWebKit/537.36 (KHTML, like Gecko) Chrome/97.0.4692.71 Safari/537.36"
::1 - - [12/Jan/2022:19:56:45 +0700] "GET /lib/requirejs.php?file=%2F-1%2F/theme_boost/bootstrap/alert.js HTTP/1.1" 200 2538 "http://localhost:81/admin/index.php?lang=en" "Mozilla/5.0 (Windows NT 10.0; Win64; x64) AppleWebKit/537.36 (KHTML, like Gecko) Chrome/97.0.4692.71 Safari/537.36"
::1 - - [12/Jan/2022:19:56:45 +0700] "GET /lib/requirejs.php?file=%2F-1%2F/theme_boost/bootstrap/button.js HTTP/1.1" 200 3376 "http://localhost:81/admin/index.php?lang=en" "Mozilla/5.0 (Windows NT 10.0; Win64; x64) AppleWebKit/537.36 (KHTML, like Gecko) Chrome/97.0.4692.71 Safari/537.36"
::1 - - [12/Jan/2022:19:56:45 +0700] "GET /lib/requirejs.php?file=%2F-1%2F/theme_boost/bootstrap/carousel.js HTTP/1.1" 200 10745 "http://localhost:81/admin/index.php?lang=en" "Mozilla/5.0 (Windows NT 10.0; Win64; x64) AppleWebKit/537.36 (KHTML, like Gecko) Chrome/97.0.4692.71 Safari/537.36"
::1 - - [12/Jan/2022:19:56:45 +0700] "GET /lib/requirejs.php?file=%2F-1%2F/theme_boost/bootstrap/dropdown.js HTTP/1.1" 200 9378 "http://localhost:81/admin/index.php?lang=en" "Mozilla/5.0 (Windows NT 10.0; Win64; x64) AppleWebKit/537.36 (KHTML, like Gecko) Chrome/97.0.4692.71 Safari/537.36"
::1 - - [12/Jan/2022:19:56:45 +0700] "GET /lib/requirejs.php?file=%2F-1%2F/theme_boost/bootstrap/toast.js HTTP/1.1" 200 4658 "http://localhost:81/admin/index.php?lang=en" "Mozilla/5.0 (Windows NT 10.0; Win64; x64) AppleWebKit/537.36 (KHTML, like Gecko) Chrome/97.0.4692.71 Safari/537.36"
::1 - - [12/Jan/2022:19:56:45 +0700] "GET /lib/requirejs.php?file=%2F-1%2F/theme_boost/bootstrap/modal.js HTTP/1.1" 200 12582 "http://localhost:81/admin/index.php?lang=en" "Mozilla/5.0 (Windows NT 10.0; Win64; x64) AppleWebKit/537.36 (KHTML, like Gecko) Chrome/97.0.4692.71 Safari/537.36"
::1 - - [12/Jan/2022:19:56:45 +0700] "GET /lib/requirejs.php?file=%2F-1%2F/theme_boost/bootstrap/scrollspy.js HTTP/1.1" 200 6525 "http://localhost:81/admin/index.php?lang=en" "Mozilla/5.0 (Windows NT 10.0; Win64; x64) AppleWebKit/537.36 (KHTML, like Gecko) Chrome/97.0.4692.71 Safari/537.36"
::1 - - [12/Jan/2022:19:56:45 +0700] "GET /lib/requirejs.php?file=%2F-1%2F/theme_boost/bootstrap/tab.js HTTP/1.1" 200 3848 "http://localhost:81/admin/index.php?lang=en" "Mozilla/5.0 (Windows NT 10.0; Win64; x64) AppleWebKit/537.36 (KHTML, like Gecko) Chrome/97.0.4692.71 Safari/537.36"
::1 - - [12/Jan/2022:19:56:45 +0700] "GET /lib/requirejs.php?file=%2F-1%2F/theme_boost/bootstrap/tooltip.js HTTP/1.1" 200 14109 "http://localhost:81/admin/index.php?lang=en" "Mozilla/5.0 (Windows NT 10.0; Win64; x64) AppleWebKit/537.36 (KHTML, like Gecko) Chrome/97.0.4692.71 Safari/537.36"
::1 - - [12/Jan/2022:19:56:45 +0700] "GET /lib/requirejs.php?file=%2F-1%2F/theme_boost/bootstrap/util.js HTTP/1.1" 200 2930 "http://localhost:81/admin/index.php?lang=en" "Mozilla/5.0 (Windows NT 10.0; Win64; x64) AppleWebKit/537.36 (KHTML, like Gecko) Chrome/97.0.4692.71 Safari/537.36"
::1 - - [12/Jan/2022:19:56:45 +0700] "GET /lib/requirejs.php?file=%2F-1%2F/core/localstorage.js HTTP/1.1" 200 283 "http://localhost:81/admin/index.php?lang=en" "Mozilla/5.0 (Windows NT 10.0; Win64; x64) AppleWebKit/537.36 (KHTML, like Gecko) Chrome/97.0.4692.71 Safari/537.36"
::1 - - [12/Jan/2022:19:56:45 +0700] "GET /lib/requirejs.php?file=%2F-1%2F/core/url.js HTTP/1.1" 200 813 "http://localhost:81/admin/index.php?lang=en" "Mozilla/5.0 (Windows NT 10.0; Win64; x64) AppleWebKit/537.36 (KHTML, like Gecko) Chrome/97.0.4692.71 Safari/537.36"
::1 - - [12/Jan/2022:19:56:45 +0700] "GET /lib/requirejs.php?file=%2F-1%2F/core/templates.js HTTP/1.1" 200 9907 "http://localhost:81/admin/index.php?lang=en" "Mozilla/5.0 (Windows NT 10.0; Win64; x64) AppleWebKit/537.36 (KHTML, like Gecko) Chrome/97.0.4692.71 Safari/537.36"
::1 - - [12/Jan/2022:19:56:45 +0700] "GET /lib/requirejs.php?file=%2F-1%2F/core/popper.js HTTP/1.1" 200 20017 "http://localhost:81/admin/index.php?lang=en" "Mozilla/5.0 (Windows NT 10.0; Win64; x64) AppleWebKit/537.36 (KHTML, like Gecko) Chrome/97.0.4692.71 Safari/537.36"
::1 - - [12/Jan/2022:19:56:45 +0700] "GET /lib/requirejs.php?file=%2F-1%2F/theme_boost/bootstrap/tools/sanitizer.js HTTP/1.1" 200 1743 "http://localhost:81/admin/index.php?lang=en" "Mozilla/5.0 (Windows NT 10.0; Win64; x64) AppleWebKit/537.36 (KHTML, like Gecko) Chrome/97.0.4692.71 Safari/537.36"
::1 - - [12/Jan/2022:19:56:45 +0700] "GET /lib/requirejs.php?file=%2F-1%2F/core/storagewrapper.js HTTP/1.1" 200 1336 "http://localhost:81/admin/index.php?lang=en" "Mozilla/5.0 (Windows NT 10.0; Win64; x64) AppleWebKit/537.36 (KHTML, like Gecko) Chrome/97.0.4692.71 Safari/537.36"
::1 - - [12/Jan/2022:19:56:45 +0700] "GET /lib/requirejs.php?file=%2F-1%2F/core/icon_system.js HTTP/1.1" 200 393 "http://localhost:81/admin/index.php?lang=en" "Mozilla/5.0 (Windows NT 10.0; Win64; x64) AppleWebKit/537.36 (KHTML, like Gecko) Chrome/97.0.4692.71 Safari/537.36"
::1 - - [12/Jan/2022:19:56:45 +0700] "GET /lib/requirejs.php?file=%2F-1%2F/core_filters/events.js HTTP/1.1" 200 900 "http://localhost:81/admin/index.php?lang=en" "Mozilla/5.0 (Windows NT 10.0; Win64; x64) AppleWebKit/537.36 (KHTML, like Gecko) Chrome/97.0.4692.71 Safari/537.36"
::1 - - [12/Jan/2022:19:56:45 +0700] "GET /lib/requirejs.php?file=%2F-1%2F/core/yui.js HTTP/1.1" 200 114 "http://localhost:81/admin/index.php?lang=en" "Mozilla/5.0 (Windows NT 10.0; Win64; x64) AppleWebKit/537.36 (KHTML, like Gecko) Chrome/97.0.4692.71 Safari/537.36"
::1 - - [12/Jan/2022:19:56:45 +0700] "GET /lib/requirejs.php?file=%2F-1%2F/core/mustache.js HTTP/1.1" 200 7394 "http://localhost:81/admin/index.php?lang=en" "Mozilla/5.0 (Windows NT 10.0; Win64; x64) AppleWebKit/537.36 (KHTML, like Gecko) Chrome/97.0.4692.71 Safari/537.36"
::1 - - [12/Jan/2022:19:56:45 +0700] "GET /lib/requirejs.php?file=%2F-1%2F/core/truncate.js HTTP/1.1" 200 1553 "http://localhost:81/admin/index.php?lang=en" "Mozilla/5.0 (Windows NT 10.0; Win64; x64) AppleWebKit/537.36 (KHTML, like Gecko) Chrome/97.0.4692.71 Safari/537.36"
::1 - - [12/Jan/2022:19:56:45 +0700] "GET /lib/requirejs.php?file=%2F-1%2F/core/user_date.js HTTP/1.1" 200 1483 "http://localhost:81/admin/index.php?lang=en" "Mozilla/5.0 (Windows NT 10.0; Win64; x64) AppleWebKit/537.36 (KHTML, like Gecko) Chrome/97.0.4692.71 Safari/537.36"
::1 - - [12/Jan/2022:19:56:45 +0700] "GET /lib/requirejs.php?file=%2F-1%2F/core/event_dispatcher.js HTTP/1.1" 200 650 "http://localhost:81/admin/index.php?lang=en" "Mozilla/5.0 (Windows NT 10.0; Win64; x64) AppleWebKit/537.36 (KHTML, like Gecko) Chrome/97.0.4692.71 Safari/537.36"
::1 - - [12/Jan/2022:19:56:45 +0700] "GET /lib/requirejs.php?file=%2F-1%2F/core/normalise.js HTTP/1.1" 200 487 "http://localhost:81/admin/index.php?lang=en" "Mozilla/5.0 (Windows NT 10.0; Win64; x64) AppleWebKit/537.36 (KHTML, like Gecko) Chrome/97.0.4692.71 Safari/537.36"
::1 - - [12/Jan/2022:19:56:45 +0700] "GET /lib/requirejs.php?file=%2F-1%2F/core/sessionstorage.js HTTP/1.1" 200 289 "http://localhost:81/admin/index.php?lang=en" "Mozilla/5.0 (Windows NT 10.0; Win64; x64) AppleWebKit/537.36 (KHTML, like Gecko) Chrome/97.0.4692.71 Safari/537.36"
::1 - - [12/Jan/2022:19:56:45 +0700] "GET /lib/yuilib/3.17.2/event-touch/event-touch-min.js HTTP/1.1" 200 1712 "http://localhost:81/admin/index.php?lang=en" "Mozilla/5.0 (Windows NT 10.0; Win64; x64) AppleWebKit/537.36 (KHTML, like Gecko) Chrome/97.0.4692.71 Safari/537.36"
::1 - - [12/Jan/2022:19:56:45 +0700] "GET /lib/yuilib/3.17.2/event-resize/event-resize-min.js HTTP/1.1" 200 620 "http://localhost:81/admin/index.php?lang=en" "Mozilla/5.0 (Windows NT 10.0; Win64; x64) AppleWebKit/537.36 (KHTML, like Gecko) Chrome/97.0.4692.71 Safari/537.36"
::1 - - [12/Jan/2022:19:56:45 +0700] "GET /lib/yuilib/3.17.2/event-hover/event-hover-min.js HTTP/1.1" 200 712 "http://localhost:81/admin/index.php?lang=en" "Mozilla/5.0 (Windows NT 10.0; Win64; x64) AppleWebKit/537.36 (KHTML, like Gecko) Chrome/97.0.4692.71 Safari/537.36"
::1 - - [12/Jan/2022:19:56:45 +0700] "GET /lib/yuilib/3.17.2/event-mousewheel/event-mousewheel-min.js HTTP/1.1" 200 530 "http://localhost:81/admin/index.php?lang=en" "Mozilla/5.0 (Windows NT 10.0; Win64; x64) AppleWebKit/537.36 (KHTML, like Gecko) Chrome/97.0.4692.71 Safari/537.36"
::1 - - [12/Jan/2022:19:56:45 +0700] "GET /lib/yuilib/3.17.2/event-move/event-move-min.js HTTP/1.1" 200 4003 "http://localhost:81/admin/index.php?lang=en" "Mozilla/5.0 (Windows NT 10.0; Win64; x64) AppleWebKit/537.36 (KHTML, like Gecko) Chrome/97.0.4692.71 Safari/537.36"
::1 - - [12/Jan/2022:19:56:45 +0700] "GET /lib/yuilib/3.17.2/event-flick/event-flick-min.js HTTP/1.1" 200 1922 "http://localhost:81/admin/index.php?lang=en" "Mozilla/5.0 (Windows NT 10.0; Win64; x64) AppleWebKit/537.36 (KHTML, like Gecko) Chrome/97.0.4692.71 Safari/537.36"
::1 - - [12/Jan/2022:19:56:45 +0700] "GET /lib/yuilib/3.17.2/event-tap/event-tap-min.js HTTP/1.1" 200 2208 "http://localhost:81/admin/index.php?lang=en" "Mozilla/5.0 (Windows NT 10.0; Win64; x64) AppleWebKit/537.36 (KHTML, like Gecko) Chrome/97.0.4692.71 Safari/537.36"
::1 - - [12/Jan/2022:19:56:45 +0700] "GET /lib/yuilib/3.17.2/event-valuechange/event-valuechange-min.js HTTP/1.1" 200 3563 "http://localhost:81/admin/index.php?lang=en" "Mozilla/5.0 (Windows NT 10.0; Win64; x64) AppleWebKit/537.36 (KHTML, like Gecko) Chrome/97.0.4692.71 Safari/537.36"
::1 - - [12/Jan/2022:19:56:45 +0700] "GET /theme/yui_combo.php?m/-1/core/event/event-min.js HTTP/1.1" 200 624 "http://localhost:81/admin/index.php?lang=en" "Mozilla/5.0 (Windows NT 10.0; Win64; x64) AppleWebKit/537.36 (KHTML, like Gecko) Chrome/97.0.4692.71 Safari/537.36"
::1 - - [12/Jan/2022:19:56:45 +0700] "GET /lib/requirejs.php?file=%2F-1%2F/core_form/events.js HTTP/1.1" 200 3084 "http://localhost:81/admin/index.php?lang=en" "Mozilla/5.0 (Windows NT 10.0; Win64; x64) AppleWebKit/537.36 (KHTML, like Gecko) Chrome/97.0.4692.71 Safari/537.36"
::1 - - [12/Jan/2022:19:56:45 +0700] "POST /lib/ajax/service-nologin.php?info=core_get_string HTTP/1.1" 200 129 "http://localhost:81/admin/index.php?lang=en" "Mozilla/5.0 (Windows NT 10.0; Win64; x64) AppleWebKit/537.36 (KHTML, like Gecko) Chrome/97.0.4692.71 Safari/537.36"
::1 - - [12/Jan/2022:19:56:46 +0700] "GET /admin/index.php?cache=0&lang=en&agreelicense=1 HTTP/1.1" 200 42870 "http://localhost:81/admin/index.php?lang=en" "Mozilla/5.0 (Windows NT 10.0; Win64; x64) AppleWebKit/537.36 (KHTML, like Gecko) Chrome/97.0.4692.71 Safari/537.36"
::1 - - [12/Jan/2022:19:56:47 +0700] "GET /lib/javascript.php?rev=-1&jsfile=%2Flib%2Fjavascript-static.js HTTP/1.1" 200 44419 "http://localhost:81/admin/index.php?cache=0&lang=en&agreelicense=1" "Mozilla/5.0 (Windows NT 10.0; Win64; x64) AppleWebKit/537.36 (KHTML, like Gecko) Chrome/97.0.4692.71 Safari/537.36"
::1 - - [12/Jan/2022:19:56:47 +0700] "GET /lib/javascript.php?rev=-1&jsfile=%2Flib%2Frequirejs%2Frequire.min.js HTTP/1.1" 200 17739 "http://localhost:81/admin/index.php?cache=0&lang=en&agreelicense=1" "Mozilla/5.0 (Windows NT 10.0; Win64; x64) AppleWebKit/537.36 (KHTML, like Gecko) Chrome/97.0.4692.71 Safari/537.36"
::1 - - [12/Jan/2022:19:56:47 +0700] "GET /lib/javascript.php?rev=-1&jsfile=%2Flib%2Fpolyfills%2Fpolyfill.js HTTP/1.1" 200 214126 "http://localhost:81/admin/index.php?cache=0&lang=en&agreelicense=1" "Mozilla/5.0 (Windows NT 10.0; Win64; x64) AppleWebKit/537.36 (KHTML, like Gecko) Chrome/97.0.4692.71 Safari/537.36"
::1 - - [12/Jan/2022:19:56:47 +0700] "GET /lib/requirejs.php?file=%2F-1%2F/core/first.js HTTP/1.1" 200 241 "http://localhost:81/admin/index.php?cache=0&lang=en&agreelicense=1" "Mozilla/5.0 (Windows NT 10.0; Win64; x64) AppleWebKit/537.36 (KHTML, like Gecko) Chrome/97.0.4692.71 Safari/537.36"
::1 - - [12/Jan/2022:19:56:47 +0700] "GET /lib/javascript.php?file=%2F-1%2Flib/jquery/jquery-3.5.1.min.js HTTP/1.1" 200 89477 "http://localhost:81/admin/index.php?cache=0&lang=en&agreelicense=1" "Mozilla/5.0 (Windows NT 10.0; Win64; x64) AppleWebKit/537.36 (KHTML, like Gecko) Chrome/97.0.4692.71 Safari/537.36"
::1 - - [12/Jan/2022:19:56:47 +0700] "GET /lib/requirejs.php?file=%2F-1%2F/core/log.js HTTP/1.1" 200 328 "http://localhost:81/admin/index.php?cache=0&lang=en&agreelicense=1" "Mozilla/5.0 (Windows NT 10.0; Win64; x64) AppleWebKit/537.36 (KHTML, like Gecko) Chrome/97.0.4692.71 Safari/537.36"
::1 - - [12/Jan/2022:19:56:47 +0700] "GET /lib/requirejs.php?file=%2F-1%2F/theme_boost/footer-popover.js HTTP/1.1" 200 717 "http://localhost:81/admin/index.php?cache=0&lang=en&agreelicense=1" "Mozilla/5.0 (Windows NT 10.0; Win64; x64) AppleWebKit/537.36 (KHTML, like Gecko) Chrome/97.0.4692.71 Safari/537.36"
::1 - - [12/Jan/2022:19:56:47 +0700] "GET /lib/requirejs.php?file=%2F-1%2F/theme_boost/loader.js HTTP/1.1" 200 2124 "http://localhost:81/admin/index.php?cache=0&lang=en&agreelicense=1" "Mozilla/5.0 (Windows NT 10.0; Win64; x64) AppleWebKit/537.36 (KHTML, like Gecko) Chrome/97.0.4692.71 Safari/537.36"
::1 - - [12/Jan/2022:19:56:47 +0700] "GET /lib/requirejs.php?file=%2F-1%2F/core/page_global.js HTTP/1.1" 200 1058 "http://localhost:81/admin/index.php?cache=0&lang=en&agreelicense=1" "Mozilla/5.0 (Windows NT 10.0; Win64; x64) AppleWebKit/537.36 (KHTML, like Gecko) Chrome/97.0.4692.71 Safari/537.36"
::1 - - [12/Jan/2022:19:56:47 +0700] "GET /lib/requirejs.php?file=%2F-1%2F/core/confirm.js HTTP/1.1" 200 1775 "http://localhost:81/admin/index.php?cache=0&lang=en&agreelicense=1" "Mozilla/5.0 (Windows NT 10.0; Win64; x64) AppleWebKit/537.36 (KHTML, like Gecko) Chrome/97.0.4692.71 Safari/537.36"
::1 - - [12/Jan/2022:19:56:48 +0700] "GET /lib/requirejs.php?file=%2F-1%2F/theme_boost/popover.js HTTP/1.1" 200 369 "http://localhost:81/admin/index.php?cache=0&lang=en&agreelicense=1" "Mozilla/5.0 (Windows NT 10.0; Win64; x64) AppleWebKit/537.36 (KHTML, like Gecko) Chrome/97.0.4692.71 Safari/537.36"
::1 - - [12/Jan/2022:19:56:48 +0700] "GET /lib/requirejs.php?file=%2F-1%2F/core/loglevel.js HTTP/1.1" 200 3747 "http://localhost:81/admin/index.php?cache=0&lang=en&agreelicense=1" "Mozilla/5.0 (Windows NT 10.0; Win64; x64) AppleWebKit/537.36 (KHTML, like Gecko) Chrome/97.0.4692.71 Safari/537.36"
::1 - - [12/Jan/2022:19:56:48 +0700] "GET /lib/requirejs.php?file=%2F-1%2F/theme_boost/aria.js HTTP/1.1" 200 3692 "http://localhost:81/admin/index.php?cache=0&lang=en&agreelicense=1" "Mozilla/5.0 (Windows NT 10.0; Win64; x64) AppleWebKit/537.36 (KHTML, like Gecko) Chrome/97.0.4692.71 Safari/537.36"
::1 - - [12/Jan/2022:19:56:48 +0700] "GET /lib/requirejs.php?file=%2F-1%2F/theme_boost/index.js HTTP/1.1" 200 1660 "http://localhost:81/admin/index.php?cache=0&lang=en&agreelicense=1" "Mozilla/5.0 (Windows NT 10.0; Win64; x64) AppleWebKit/537.36 (KHTML, like Gecko) Chrome/97.0.4692.71 Safari/537.36"
::1 - - [12/Jan/2022:19:56:48 +0700] "GET /lib/requirejs.php?file=%2F-1%2F/core/pending.js HTTP/1.1" 200 293 "http://localhost:81/admin/index.php?cache=0&lang=en&agreelicense=1" "Mozilla/5.0 (Windows NT 10.0; Win64; x64) AppleWebKit/537.36 (KHTML, like Gecko) Chrome/97.0.4692.71 Safari/537.36"
::1 - - [12/Jan/2022:19:56:48 +0700] "GET /lib/requirejs.php?file=%2F-1%2F/theme_boost/pending.js HTTP/1.1" 200 2147 "http://localhost:81/admin/index.php?cache=0&lang=en&agreelicense=1" "Mozilla/5.0 (Windows NT 10.0; Win64; x64) AppleWebKit/537.36 (KHTML, like Gecko) Chrome/97.0.4692.71 Safari/537.36"
::1 - - [12/Jan/2022:19:56:48 +0700] "GET /lib/requirejs.php?file=%2F-1%2F/core/custom_interaction_events.js HTTP/1.1" 200 4587 "http://localhost:81/admin/index.php?cache=0&lang=en&agreelicense=1" "Mozilla/5.0 (Windows NT 10.0; Win64; x64) AppleWebKit/537.36 (KHTML, like Gecko) Chrome/97.0.4692.71 Safari/537.36"
::1 - - [12/Jan/2022:19:56:48 +0700] "GET /lib/requirejs.php?file=%2F-1%2F/core/str.js HTTP/1.1" 200 2695 "http://localhost:81/admin/index.php?cache=0&lang=en&agreelicense=1" "Mozilla/5.0 (Windows NT 10.0; Win64; x64) AppleWebKit/537.36 (KHTML, like Gecko) Chrome/97.0.4692.71 Safari/537.36"
::1 - - [12/Jan/2022:19:56:48 +0700] "GET /lib/requirejs.php?file=%2F-1%2F/core/network.js HTTP/1.1" 200 2511 "http://localhost:81/admin/index.php?cache=0&lang=en&agreelicense=1" "Mozilla/5.0 (Windows NT 10.0; Win64; x64) AppleWebKit/537.36 (KHTML, like Gecko) Chrome/97.0.4692.71 Safari/537.36"
::1 - - [12/Jan/2022:19:56:48 +0700] "GET /lib/requirejs.php?file=%2F-1%2F/core/toast.js HTTP/1.1" 200 3197 "http://localhost:81/admin/index.php?cache=0&lang=en&agreelicense=1" "Mozilla/5.0 (Windows NT 10.0; Win64; x64) AppleWebKit/537.36 (KHTML, like Gecko) Chrome/97.0.4692.71 Safari/537.36"
::1 - - [12/Jan/2022:19:56:48 +0700] "GET /lib/requirejs.php?file=%2F-1%2F/core/notification.js HTTP/1.1" 200 9053 "http://localhost:81/admin/index.php?cache=0&lang=en&agreelicense=1" "Mozilla/5.0 (Windows NT 10.0; Win64; x64) AppleWebKit/537.36 (KHTML, like Gecko) Chrome/97.0.4692.71 Safari/537.36"
::1 - - [12/Jan/2022:19:56:48 +0700] "GET /lib/requirejs.php?file=%2F-1%2F/theme_boost/bootstrap/popover.js HTTP/1.1" 200 5385 "http://localhost:81/admin/index.php?cache=0&lang=en&agreelicense=1" "Mozilla/5.0 (Windows NT 10.0; Win64; x64) AppleWebKit/537.36 (KHTML, like Gecko) Chrome/97.0.4692.71 Safari/537.36"
::1 - - [12/Jan/2022:19:56:48 +0700] "GET /lib/requirejs.php?file=%2F-1%2F/theme_boost/bootstrap/alert.js HTTP/1.1" 200 2538 "http://localhost:81/admin/index.php?cache=0&lang=en&agreelicense=1" "Mozilla/5.0 (Windows NT 10.0; Win64; x64) AppleWebKit/537.36 (KHTML, like Gecko) Chrome/97.0.4692.71 Safari/537.36"
::1 - - [12/Jan/2022:19:56:48 +0700] "GET /lib/requirejs.php?file=%2F-1%2F/theme_boost/bootstrap/button.js HTTP/1.1" 200 3376 "http://localhost:81/admin/index.php?cache=0&lang=en&agreelicense=1" "Mozilla/5.0 (Windows NT 10.0; Win64; x64) AppleWebKit/537.36 (KHTML, like Gecko) Chrome/97.0.4692.71 Safari/537.36"
::1 - - [12/Jan/2022:19:56:48 +0700] "GET /lib/requirejs.php?file=%2F-1%2F/theme_boost/bootstrap/carousel.js HTTP/1.1" 200 10745 "http://localhost:81/admin/index.php?cache=0&lang=en&agreelicense=1" "Mozilla/5.0 (Windows NT 10.0; Win64; x64) AppleWebKit/537.36 (KHTML, like Gecko) Chrome/97.0.4692.71 Safari/537.36"
::1 - - [12/Jan/2022:19:56:48 +0700] "GET /lib/requirejs.php?file=%2F-1%2F/theme_boost/bootstrap/collapse.js HTTP/1.1" 200 7638 "http://localhost:81/admin/index.php?cache=0&lang=en&agreelicense=1" "Mozilla/5.0 (Windows NT 10.0; Win64; x64) AppleWebKit/537.36 (KHTML, like Gecko) Chrome/97.0.4692.71 Safari/537.36"
::1 - - [12/Jan/2022:19:56:48 +0700] "GET /lib/requirejs.php?file=%2F-1%2F/theme_boost/bootstrap/dropdown.js HTTP/1.1" 200 9378 "http://localhost:81/admin/index.php?cache=0&lang=en&agreelicense=1" "Mozilla/5.0 (Windows NT 10.0; Win64; x64) AppleWebKit/537.36 (KHTML, like Gecko) Chrome/97.0.4692.71 Safari/537.36"
::1 - - [12/Jan/2022:19:56:48 +0700] "GET /lib/requirejs.php?file=%2F-1%2F/theme_boost/bootstrap/modal.js HTTP/1.1" 200 12582 "http://localhost:81/admin/index.php?cache=0&lang=en&agreelicense=1" "Mozilla/5.0 (Windows NT 10.0; Win64; x64) AppleWebKit/537.36 (KHTML, like Gecko) Chrome/97.0.4692.71 Safari/537.36"
::1 - - [12/Jan/2022:19:56:48 +0700] "GET /lib/requirejs.php?file=%2F-1%2F/theme_boost/bootstrap/scrollspy.js HTTP/1.1" 200 6525 "http://localhost:81/admin/index.php?cache=0&lang=en&agreelicense=1" "Mozilla/5.0 (Windows NT 10.0; Win64; x64) AppleWebKit/537.36 (KHTML, like Gecko) Chrome/97.0.4692.71 Safari/537.36"
::1 - - [12/Jan/2022:19:56:48 +0700] "GET /lib/requirejs.php?file=%2F-1%2F/theme_boost/bootstrap/tab.js HTTP/1.1" 200 3848 "http://localhost:81/admin/index.php?cache=0&lang=en&agreelicense=1" "Mozilla/5.0 (Windows NT 10.0; Win64; x64) AppleWebKit/537.36 (KHTML, like Gecko) Chrome/97.0.4692.71 Safari/537.36"
::1 - - [12/Jan/2022:19:56:48 +0700] "GET /lib/requirejs.php?file=%2F-1%2F/theme_boost/bootstrap/toast.js HTTP/1.1" 200 4658 "http://localhost:81/admin/index.php?cache=0&lang=en&agreelicense=1" "Mozilla/5.0 (Windows NT 10.0; Win64; x64) AppleWebKit/537.36 (KHTML, like Gecko) Chrome/97.0.4692.71 Safari/537.36"
::1 - - [12/Jan/2022:19:56:48 +0700] "GET /lib/requirejs.php?file=%2F-1%2F/theme_boost/bootstrap/tooltip.js HTTP/1.1" 200 14109 "http://localhost:81/admin/index.php?cache=0&lang=en&agreelicense=1" "Mozilla/5.0 (Windows NT 10.0; Win64; x64) AppleWebKit/537.36 (KHTML, like Gecko) Chrome/97.0.4692.71 Safari/537.36"
::1 - - [12/Jan/2022:19:56:48 +0700] "GET /lib/requirejs.php?file=%2F-1%2F/theme_boost/bootstrap/util.js HTTP/1.1" 200 2930 "http://localhost:81/admin/index.php?cache=0&lang=en&agreelicense=1" "Mozilla/5.0 (Windows NT 10.0; Win64; x64) AppleWebKit/537.36 (KHTML, like Gecko) Chrome/97.0.4692.71 Safari/537.36"
::1 - - [12/Jan/2022:19:56:48 +0700] "GET /lib/requirejs.php?file=%2F-1%2F/core/key_codes.js HTTP/1.1" 200 288 "http://localhost:81/admin/index.php?cache=0&lang=en&agreelicense=1" "Mozilla/5.0 (Windows NT 10.0; Win64; x64) AppleWebKit/537.36 (KHTML, like Gecko) Chrome/97.0.4692.71 Safari/537.36"
::1 - - [12/Jan/2022:19:56:48 +0700] "GET /lib/requirejs.php?file=%2F-1%2F/core/ajax.js HTTP/1.1" 200 2014 "http://localhost:81/admin/index.php?cache=0&lang=en&agreelicense=1" "Mozilla/5.0 (Windows NT 10.0; Win64; x64) AppleWebKit/537.36 (KHTML, like Gecko) Chrome/97.0.4692.71 Safari/537.36"
::1 - - [12/Jan/2022:19:56:48 +0700] "GET /lib/requirejs.php?file=%2F-1%2F/core/localstorage.js HTTP/1.1" 200 283 "http://localhost:81/admin/index.php?cache=0&lang=en&agreelicense=1" "Mozilla/5.0 (Windows NT 10.0; Win64; x64) AppleWebKit/537.36 (KHTML, like Gecko) Chrome/97.0.4692.71 Safari/537.36"
::1 - - [12/Jan/2022:19:56:48 +0700] "GET /lib/requirejs.php?file=%2F-1%2F/core/config.js HTTP/1.1" 200 124 "http://localhost:81/admin/index.php?cache=0&lang=en&agreelicense=1" "Mozilla/5.0 (Windows NT 10.0; Win64; x64) AppleWebKit/537.36 (KHTML, like Gecko) Chrome/97.0.4692.71 Safari/537.36"
::1 - - [12/Jan/2022:19:56:48 +0700] "GET /lib/requirejs.php?file=%2F-1%2F/core/popper.js HTTP/1.1" 200 20017 "http://localhost:81/admin/index.php?cache=0&lang=en&agreelicense=1" "Mozilla/5.0 (Windows NT 10.0; Win64; x64) AppleWebKit/537.36 (KHTML, like Gecko) Chrome/97.0.4692.71 Safari/537.36"
::1 - - [12/Jan/2022:19:56:48 +0700] "GET /lib/requirejs.php?file=%2F-1%2F/core/templates.js HTTP/1.1" 200 9907 "http://localhost:81/admin/index.php?cache=0&lang=en&agreelicense=1" "Mozilla/5.0 (Windows NT 10.0; Win64; x64) AppleWebKit/537.36 (KHTML, like Gecko) Chrome/97.0.4692.71 Safari/537.36"
::1 - - [12/Jan/2022:19:56:48 +0700] "GET /lib/requirejs.php?file=%2F-1%2F/theme_boost/bootstrap/tools/sanitizer.js HTTP/1.1" 200 1743 "http://localhost:81/admin/index.php?cache=0&lang=en&agreelicense=1" "Mozilla/5.0 (Windows NT 10.0; Win64; x64) AppleWebKit/537.36 (KHTML, like Gecko) Chrome/97.0.4692.71 Safari/537.36"
::1 - - [12/Jan/2022:19:56:48 +0700] "GET /lib/requirejs.php?file=%2F-1%2F/core/storagewrapper.js HTTP/1.1" 200 1336 "http://localhost:81/admin/index.php?cache=0&lang=en&agreelicense=1" "Mozilla/5.0 (Windows NT 10.0; Win64; x64) AppleWebKit/537.36 (KHTML, like Gecko) Chrome/97.0.4692.71 Safari/537.36"
::1 - - [12/Jan/2022:19:56:48 +0700] "GET /lib/requirejs.php?file=%2F-1%2F/core/url.js HTTP/1.1" 200 813 "http://localhost:81/admin/index.php?cache=0&lang=en&agreelicense=1" "Mozilla/5.0 (Windows NT 10.0; Win64; x64) AppleWebKit/537.36 (KHTML, like Gecko) Chrome/97.0.4692.71 Safari/537.36"
::1 - - [12/Jan/2022:19:56:48 +0700] "GET /lib/requirejs.php?file=%2F-1%2F/core/mustache.js HTTP/1.1" 200 7394 "http://localhost:81/admin/index.php?cache=0&lang=en&agreelicense=1" "Mozilla/5.0 (Windows NT 10.0; Win64; x64) AppleWebKit/537.36 (KHTML, like Gecko) Chrome/97.0.4692.71 Safari/537.36"
::1 - - [12/Jan/2022:19:56:48 +0700] "GET /lib/requirejs.php?file=%2F-1%2F/core/icon_system.js HTTP/1.1" 200 393 "http://localhost:81/admin/index.php?cache=0&lang=en&agreelicense=1" "Mozilla/5.0 (Windows NT 10.0; Win64; x64) AppleWebKit/537.36 (KHTML, like Gecko) Chrome/97.0.4692.71 Safari/537.36"
::1 - - [12/Jan/2022:19:56:48 +0700] "GET /lib/requirejs.php?file=%2F-1%2F/core/yui.js HTTP/1.1" 200 114 "http://localhost:81/admin/index.php?cache=0&lang=en&agreelicense=1" "Mozilla/5.0 (Windows NT 10.0; Win64; x64) AppleWebKit/537.36 (KHTML, like Gecko) Chrome/97.0.4692.71 Safari/537.36"
::1 - - [12/Jan/2022:19:56:48 +0700] "GET /lib/requirejs.php?file=%2F-1%2F/core_filters/events.js HTTP/1.1" 200 900 "http://localhost:81/admin/index.php?cache=0&lang=en&agreelicense=1" "Mozilla/5.0 (Windows NT 10.0; Win64; x64) AppleWebKit/537.36 (KHTML, like Gecko) Chrome/97.0.4692.71 Safari/537.36"
::1 - - [12/Jan/2022:19:56:48 +0700] "GET /lib/requirejs.php?file=%2F-1%2F/core/truncate.js HTTP/1.1" 200 1553 "http://localhost:81/admin/index.php?cache=0&lang=en&agreelicense=1" "Mozilla/5.0 (Windows NT 10.0; Win64; x64) AppleWebKit/537.36 (KHTML, like Gecko) Chrome/97.0.4692.71 Safari/537.36"
::1 - - [12/Jan/2022:19:56:48 +0700] "GET /lib/requirejs.php?file=%2F-1%2F/core/user_date.js HTTP/1.1" 200 1483 "http://localhost:81/admin/index.php?cache=0&lang=en&agreelicense=1" "Mozilla/5.0 (Windows NT 10.0; Win64; x64) AppleWebKit/537.36 (KHTML, like Gecko) Chrome/97.0.4692.71 Safari/537.36"
::1 - - [12/Jan/2022:19:56:48 +0700] "GET /lib/requirejs.php?file=%2F-1%2F/core/event_dispatcher.js HTTP/1.1" 200 650 "http://localhost:81/admin/index.php?cache=0&lang=en&agreelicense=1" "Mozilla/5.0 (Windows NT 10.0; Win64; x64) AppleWebKit/537.36 (KHTML, like Gecko) Chrome/97.0.4692.71 Safari/537.36"
::1 - - [12/Jan/2022:19:56:48 +0700] "GET /lib/requirejs.php?file=%2F-1%2F/core/normalise.js HTTP/1.1" 200 487 "http://localhost:81/admin/index.php?cache=0&lang=en&agreelicense=1" "Mozilla/5.0 (Windows NT 10.0; Win64; x64) AppleWebKit/537.36 (KHTML, like Gecko) Chrome/97.0.4692.71 Safari/537.36"
::1 - - [12/Jan/2022:19:56:48 +0700] "GET /lib/requirejs.php?file=%2F-1%2F/core/sessionstorage.js HTTP/1.1" 200 289 "http://localhost:81/admin/index.php?cache=0&lang=en&agreelicense=1" "Mozilla/5.0 (Windows NT 10.0; Win64; x64) AppleWebKit/537.36 (KHTML, like Gecko) Chrome/97.0.4692.71 Safari/537.36"
::1 - - [12/Jan/2022:19:56:48 +0700] "GET /theme/yui_combo.php?m/-1/core/event/event-min.js HTTP/1.1" 200 624 "http://localhost:81/admin/index.php?cache=0&lang=en&agreelicense=1" "Mozilla/5.0 (Windows NT 10.0; Win64; x64) AppleWebKit/537.36 (KHTML, like Gecko) Chrome/97.0.4692.71 Safari/537.36"
::1 - - [12/Jan/2022:19:56:48 +0700] "GET /lib/requirejs.php?file=%2F-1%2F/core_form/events.js HTTP/1.1" 200 3084 "http://localhost:81/admin/index.php?cache=0&lang=en&agreelicense=1" "Mozilla/5.0 (Windows NT 10.0; Win64; x64) AppleWebKit/537.36 (KHTML, like Gecko) Chrome/97.0.4692.71 Safari/537.36"
::1 - - [12/Jan/2022:19:56:48 +0700] "POST /lib/ajax/service-nologin.php?info=core_get_string HTTP/1.1" 200 129 "http://localhost:81/admin/index.php?cache=0&lang=en&agreelicense=1" "Mozilla/5.0 (Windows NT 10.0; Win64; x64) AppleWebKit/537.36 (KHTML, like Gecko) Chrome/97.0.4692.71 Safari/537.36"
::1 - - [12/Jan/2022:19:57:25 +0700] "GET /lib/javascript.php?rev=-1&jsfile=%2Flib%2Fjavascript-static.js HTTP/1.1" 200 44419 "http://localhost:81/admin/index.php?cache=0&agreelicense=1&confirmrelease=1&lang=en" "Mozilla/5.0 (Windows NT 10.0; Win64; x64) AppleWebKit/537.36 (KHTML, like Gecko) Chrome/97.0.4692.71 Safari/537.36"
::1 - - [12/Jan/2022:19:57:25 +0700] "GET /lib/javascript.php?rev=-1&jsfile=%2Flib%2Fpolyfills%2Fpolyfill.js HTTP/1.1" 200 214126 "http://localhost:81/admin/index.php?cache=0&agreelicense=1&confirmrelease=1&lang=en" "Mozilla/5.0 (Windows NT 10.0; Win64; x64) AppleWebKit/537.36 (KHTML, like Gecko) Chrome/97.0.4692.71 Safari/537.36"
::1 - - [12/Jan/2022:19:57:15 +0700] "GET /admin/index.php?cache=0&agreelicense=1&confirmrelease=1&lang=en HTTP/1.1" 200 86624 "http://localhost:81/admin/index.php?cache=0&lang=en&agreelicense=1" "Mozilla/5.0 (Windows NT 10.0; Win64; x64) AppleWebKit/537.36 (KHTML, like Gecko) Chrome/97.0.4692.71 Safari/537.36"
::1 - - [12/Jan/2022:19:59:40 +0700] "GET /lib/javascript.php/1641992378/lib/requirejs/require.min.js HTTP/1.1" 200 6662 "http://localhost:81/admin/index.php?cache=0&agreelicense=1&confirmrelease=1&lang=en" "Mozilla/5.0 (Windows NT 10.0; Win64; x64) AppleWebKit/537.36 (KHTML, like Gecko) Chrome/97.0.4692.71 Safari/537.36"
::1 - - [12/Jan/2022:19:59:42 +0700] "GET /lib/requirejs.php/1641992378/core/first.js HTTP/1.1" 200 400741 "http://localhost:81/admin/index.php?cache=0&agreelicense=1&confirmrelease=1&lang=en" "Mozilla/5.0 (Windows NT 10.0; Win64; x64) AppleWebKit/537.36 (KHTML, like Gecko) Chrome/97.0.4692.71 Safari/537.36"
::1 - - [12/Jan/2022:19:59:46 +0700] "GET /lib/javascript.php/1641992378/lib/jquery/jquery-3.5.1.min.js HTTP/1.1" 200 30914 "http://localhost:81/admin/index.php?cache=0&agreelicense=1&confirmrelease=1&lang=en" "Mozilla/5.0 (Windows NT 10.0; Win64; x64) AppleWebKit/537.36 (KHTML, like Gecko) Chrome/97.0.4692.71 Safari/537.36"
::1 - - [12/Jan/2022:19:59:47 +0700] "GET /theme/yui_combo.php?m/-1/core/event/event-min.js HTTP/1.1" 200 624 "http://localhost:81/admin/index.php?cache=0&agreelicense=1&confirmrelease=1&lang=en" "Mozilla/5.0 (Windows NT 10.0; Win64; x64) AppleWebKit/537.36 (KHTML, like Gecko) Chrome/97.0.4692.71 Safari/537.36"
::1 - - [12/Jan/2022:19:59:48 +0700] "POST /lib/ajax/service-nologin.php?info=core_get_string HTTP/1.1" 200 111 "http://localhost:81/admin/index.php?cache=0&agreelicense=1&confirmrelease=1&lang=en" "Mozilla/5.0 (Windows NT 10.0; Win64; x64) AppleWebKit/537.36 (KHTML, like Gecko) Chrome/97.0.4692.71 Safari/537.36"
::1 - - [12/Jan/2022:19:59:49 +0700] "GET /lib/ajax/service-nologin.php?info=core_output_load_fontawesome_icon_system_map&cachekey=1&args=%5B%7B%22index%22%3A0%2C%22methodname%22%3A%22core_output_load_fontawesome_icon_system_map%22%2C%22args%22%3A%7B%22themename%22%3A%22boost%22%7D%7D%5D HTTP/1.1" 200 31188 "http://localhost:81/admin/index.php?cache=0&agreelicense=1&confirmrelease=1&lang=en" "Mozilla/5.0 (Windows NT 10.0; Win64; x64) AppleWebKit/537.36 (KHTML, like Gecko) Chrome/97.0.4692.71 Safari/537.36"
::1 - - [12/Jan/2022:19:59:50 +0700] "POST /lib/ajax/service-nologin.php?info=6-method-calls HTTP/1.1" 200 211 "http://localhost:81/admin/index.php?cache=0&agreelicense=1&confirmrelease=1&lang=en" "Mozilla/5.0 (Windows NT 10.0; Win64; x64) AppleWebKit/537.36 (KHTML, like Gecko) Chrome/97.0.4692.71 Safari/537.36"
::1 - - [12/Jan/2022:19:59:50 +0700] "POST /lib/ajax/service-nologin.php?info=core_output_load_template_with_dependencies,core_output_load_template_with_dependencies,core_output_load_template_with_dependencies,core_output_load_template_with_dependencies HTTP/1.1" 200 2353 "http://localhost:81/admin/index.php?cache=0&agreelicense=1&confirmrelease=1&lang=en" "Mozilla/5.0 (Windows NT 10.0; Win64; x64) AppleWebKit/537.36 (KHTML, like Gecko) Chrome/97.0.4692.71 Safari/537.36"
::1 - - [12/Jan/2022:20:00:28 +0700] "GET /admin/index.php?sessionstarted=1&lang=en HTTP/1.1" 303 1548 "http://localhost:81/admin/index.php?cache=0&agreelicense=1&confirmrelease=1&lang=en" "Mozilla/5.0 (Windows NT 10.0; Win64; x64) AppleWebKit/537.36 (KHTML, like Gecko) Chrome/97.0.4692.71 Safari/537.36"
::1 - - [12/Jan/2022:20:00:29 +0700] "GET /admin/index.php?sessionstarted=1&sessionverify=1&lang=en HTTP/1.1" 303 1510 "http://localhost:81/admin/index.php?cache=0&agreelicense=1&confirmrelease=1&lang=en" "Mozilla/5.0 (Windows NT 10.0; Win64; x64) AppleWebKit/537.36 (KHTML, like Gecko) Chrome/97.0.4692.71 Safari/537.36"
::1 - - [12/Jan/2022:20:00:32 +0700] "GET /lib/javascript.php/1641992378/lib/javascript-static.js HTTP/1.1" 200 6812 "http://localhost:81/user/editadvanced.php?id=2" "Mozilla/5.0 (Windows NT 10.0; Win64; x64) AppleWebKit/537.36 (KHTML, like Gecko) Chrome/97.0.4692.71 Safari/537.36"
::1 - - [12/Jan/2022:20:00:32 +0700] "GET /lib/javascript.php/1641992378/lib/polyfills/polyfill.js HTTP/1.1" 200 60482 "http://localhost:81/user/editadvanced.php?id=2" "Mozilla/5.0 (Windows NT 10.0; Win64; x64) AppleWebKit/537.36 (KHTML, like Gecko) Chrome/97.0.4692.71 Safari/537.36"
::1 - - [12/Jan/2022:20:00:30 +0700] "GET /user/editadvanced.php?id=2 HTTP/1.1" 200 139331 "http://localhost:81/admin/index.php?cache=0&agreelicense=1&confirmrelease=1&lang=en" "Mozilla/5.0 (Windows NT 10.0; Win64; x64) AppleWebKit/537.36 (KHTML, like Gecko) Chrome/97.0.4692.71 Safari/537.36"
::1 - - [12/Jan/2022:20:00:32 +0700] "GET /theme/styles.php/boost/1641992378_1/all HTTP/1.1" 200 119105 "http://localhost:81/user/editadvanced.php?id=2" "Mozilla/5.0 (Windows NT 10.0; Win64; x64) AppleWebKit/537.36 (KHTML, like Gecko) Chrome/97.0.4692.71 Safari/537.36"
::1 - - [12/Jan/2022:20:00:35 +0700] "GET /theme/yui_combo.php?m/1641992378/core/event/event-min.js&m/1641992378/filter_mathjaxloader/loader/loader-min.js HTTP/1.1" 200 1047 "http://localhost:81/user/editadvanced.php?id=2" "Mozilla/5.0 (Windows NT 10.0; Win64; x64) AppleWebKit/537.36 (KHTML, like Gecko) Chrome/97.0.4692.71 Safari/537.36"
::1 - - [12/Jan/2022:20:00:35 +0700] "GET /theme/image.php/boost/core/1641992378/t/collapsed HTTP/1.1" 200 318 "http://localhost:81/theme/styles.php/boost/1641992378_1/all" "Mozilla/5.0 (Windows NT 10.0; Win64; x64) AppleWebKit/537.36 (KHTML, like Gecko) Chrome/97.0.4692.71 Safari/537.36"
::1 - - [12/Jan/2022:20:00:35 +0700] "GET /theme/yui_combo.php?m/1641992378/form/shortforms/shortforms-min.js HTTP/1.1" 200 1068 "http://localhost:81/user/editadvanced.php?id=2" "Mozilla/5.0 (Windows NT 10.0; Win64; x64) AppleWebKit/537.36 (KHTML, like Gecko) Chrome/97.0.4692.71 Safari/537.36"
::1 - - [12/Jan/2022:20:00:35 +0700] "GET /theme/font.php/boost/core/1641992378/fontawesome-webfont.woff2?v=4.7.0 HTTP/1.1" 200 77160 "http://localhost:81/theme/styles.php/boost/1641992378_1/all" "Mozilla/5.0 (Windows NT 10.0; Win64; x64) AppleWebKit/537.36 (KHTML, like Gecko) Chrome/97.0.4692.71 Safari/537.36"
::1 - - [12/Jan/2022:20:00:36 +0700] "GET /theme/image.php/boost/core/1641992378/t/expanded HTTP/1.1" 200 315 "http://localhost:81/theme/styles.php/boost/1641992378_1/all" "Mozilla/5.0 (Windows NT 10.0; Win64; x64) AppleWebKit/537.36 (KHTML, like Gecko) Chrome/97.0.4692.71 Safari/537.36"
::1 - - [12/Jan/2022:20:00:36 +0700] "GET /theme/yui_combo.php?3.17.2/cssbutton/cssbutton-min.css&3.17.2/datatable-base/assets/skins/sam/datatable-base.css&3.17.2/datatable-message/assets/skins/sam/datatable-message.css&3.17.2/datatable-sort/assets/skins/sam/datatable-sort.css&3.17.2/resize-base/assets/skins/sam/resize-base.css HTTP/1.1" 200 2351 "http://localhost:81/user/editadvanced.php?id=2" "Mozilla/5.0 (Windows NT 10.0; Win64; x64) AppleWebKit/537.36 (KHTML, like Gecko) Chrome/97.0.4692.71 Safari/537.36"
::1 - - [12/Jan/2022:20:00:36 +0700] "GET /theme/image.php/boost/theme/1641992378/favicon HTTP/1.1" 200 1150 "http://localhost:81/user/editadvanced.php?id=2" "Mozilla/5.0 (Windows NT 10.0; Win64; x64) AppleWebKit/537.36 (KHTML, like Gecko) Chrome/97.0.4692.71 Safari/537.36"
::1 - - [12/Jan/2022:20:00:36 +0700] "GET /lib/javascript.php/1641992378/repository/filepicker.js HTTP/1.1" 200 12410 "http://localhost:81/user/editadvanced.php?id=2" "Mozilla/5.0 (Windows NT 10.0; Win64; x64) AppleWebKit/537.36 (KHTML, like Gecko) Chrome/97.0.4692.71 Safari/537.36"
::1 - - [12/Jan/2022:20:00:36 +0700] "GET /theme/yui_combo.php?m/1641992378/core/widget/widget-focusafterclose-min.js&m/1641992378/core/lockscroll/lockscroll-min.js&m/1641992378/core/notification/notification-dialogue-min.js HTTP/1.1" 200 3693 "http://localhost:81/user/editadvanced.php?id=2" "Mozilla/5.0 (Windows NT 10.0; Win64; x64) AppleWebKit/537.36 (KHTML, like Gecko) Chrome/97.0.4692.71 Safari/537.36"
::1 - - [12/Jan/2022:20:00:36 +0700] "GET /theme/yui_combo.php?3.17.2/datatable-message/datatable-message-min.js&3.17.2/datatable-mutable/datatable-mutable-min.js&3.17.2/datatable-sort/lang/datatable-sort_en.js&3.17.2/datatable-sort/datatable-sort-min.js&3.17.2/plugin/plugin-min.js&3.17.2/datasource-local/datasource-local-min.js&3.17.2/datatable-datasource/datatable-datasource-min.js&3.17.2/event-mousewheel/event-mousewheel-min.js&3.17.2/event-resize/event-resize-min.js&3.17.2/event-hover/event-hover-min.js&3.17.2/event-touch/event-touch-min.js&3.17.2/event-move/event-move-min.js&3.17.2/event-flick/event-flick-min.js&3.17.2/event-valuechange/event-valuechange-min.js&3.17.2/event-tap/event-tap-min.js&3.17.2/dd-ddm/dd-ddm-min.js&3.17.2/dd-ddm-drop/dd-ddm-drop-min.js&3.17.2/dd-drop/dd-drop-min.js&3.17.2/dd-drop-plugin/dd-drop-plugin-min.js&3.17.2/dd-delegate/dd-delegate-min.js&3.17.2/resize-base/resize-base-min.js&3.17.2/resize-plugin/resize-plugin-min.js&m/1641992378/core_filepicker/core_filepicker.js HTTP/1.1" 200 16656 "http://localhost:81/user/editadvanced.php?id=2" "Mozilla/5.0 (Windows NT 10.0; Win64; x64) AppleWebKit/537.36 (KHTML, like Gecko) Chrome/97.0.4692.71 Safari/537.36"
::1 - - [12/Jan/2022:20:00:36 +0700] "GET /theme/yui_combo.php?3.17.2/intl/intl-min.js&3.17.2/event-simulate/event-simulate-min.js&3.17.2/async-queue/async-queue-min.js&3.17.2/gesture-simulate/gesture-simulate-min.js&3.17.2/node-event-simulate/node-event-simulate-min.js&3.17.2/json-stringify/json-stringify-min.js&3.17.2/io-upload-iframe/io-upload-iframe-min.js&3.17.2/io-form/io-form-min.js&2in3/2.9.0/build/yui2-treeview/yui2-treeview-min.js&3.17.2/cookie/cookie-min.js&3.17.2/array-extras/array-extras-min.js&3.17.2/array-invoke/array-invoke-min.js&3.17.2/arraylist/arraylist-min.js&3.17.2/model/model-min.js&3.17.2/model-list/model-list-min.js&3.17.2/datatable-core/datatable-core-min.js&3.17.2/view/view-min.js&3.17.2/datatable-head/datatable-head-min.js&3.17.2/datatable-body/datatable-body-min.js&3.17.2/datatable-table/datatable-table-min.js&3.17.2/datatable-base/datatable-base-min.js&3.17.2/datatable-column-widths/datatable-column-widths-min.js&3.17.2/datatable-message/lang/datatable-message_en.js HTTP/1.1" 200 29429 "http://localhost:81/user/editadvanced.php?id=2" "Mozilla/5.0 (Windows NT 10.0; Win64; x64) AppleWebKit/537.36 (KHTML, like Gecko) Chrome/97.0.4692.71 Safari/537.36"
::1 - - [12/Jan/2022:20:00:36 +0700] "GET /lib/javascript.php/1641992378/lib/form/form.js HTTP/1.1" 200 2532 "http://localhost:81/user/editadvanced.php?id=2" "Mozilla/5.0 (Windows NT 10.0; Win64; x64) AppleWebKit/537.36 (KHTML, like Gecko) Chrome/97.0.4692.71 Safari/537.36"
::1 - - [12/Jan/2022:20:00:36 +0700] "GET /lib/requirejs.php/1641992378/core_form/events.js HTTP/1.1" 200 400741 "http://localhost:81/user/editadvanced.php?id=2" "Mozilla/5.0 (Windows NT 10.0; Win64; x64) AppleWebKit/537.36 (KHTML, like Gecko) Chrome/97.0.4692.71 Safari/537.36"
::1 - - [12/Jan/2022:20:00:36 +0700] "GET /lib/ajax/service-nologin.php?info=core_get_string&cachekey=1641992378&args=%5B%7B%22index%22%3A0%2C%22methodname%22%3A%22core_get_string%22%2C%22args%22%3A%7B%22stringid%22%3A%22changesmadereallygoaway%22%2C%22stringparams%22%3A%5B%5D%2C%22component%22%3A%22moodle%22%2C%22lang%22%3A%22en%22%7D%7D%5D HTTP/1.1" 200 111 "http://localhost:81/user/editadvanced.php?id=2" "Mozilla/5.0 (Windows NT 10.0; Win64; x64) AppleWebKit/537.36 (KHTML, like Gecko) Chrome/97.0.4692.71 Safari/537.36"
::1 - - [12/Jan/2022:20:00:37 +0700] "POST /lib/ajax/service.php?sesskey=QoKrbD8Bpd&info=media_videojs_get_language HTTP/1.1" 200 4530 "http://localhost:81/user/editadvanced.php?id=2" "Mozilla/5.0 (Windows NT 10.0; Win64; x64) AppleWebKit/537.36 (KHTML, like Gecko) Chrome/97.0.4692.71 Safari/537.36"
::1 - - [12/Jan/2022:20:00:38 +0700] "GET /lib/ajax/service-nologin.php?info=core_output_load_fontawesome_icon_system_map&cachekey=1641992378&args=%5B%7B%22index%22%3A0%2C%22methodname%22%3A%22core_output_load_fontawesome_icon_system_map%22%2C%22args%22%3A%7B%22themename%22%3A%22boost%22%7D%7D%5D HTTP/1.1" 200 31188 "http://localhost:81/user/editadvanced.php?id=2" "Mozilla/5.0 (Windows NT 10.0; Win64; x64) AppleWebKit/537.36 (KHTML, like Gecko) Chrome/97.0.4692.71 Safari/537.36"
::1 - - [12/Jan/2022:20:00:38 +0700] "GET /lib/ajax/service-nologin.php?info=core_output_load_template_with_dependencies&cachekey=1641992378&args=%5B%7B%22index%22%3A0%2C%22methodname%22%3A%22core_output_load_template_with_dependencies%22%2C%22args%22%3A%7B%22component%22%3A%22core_form%22%2C%22template%22%3A%22element-passwordunmask-fill%22%2C%22themename%22%3A%22boost%22%2C%22lang%22%3A%22en%22%7D%7D%5D HTTP/1.1" 200 580 "http://localhost:81/user/editadvanced.php?id=2" "Mozilla/5.0 (Windows NT 10.0; Win64; x64) AppleWebKit/537.36 (KHTML, like Gecko) Chrome/97.0.4692.71 Safari/537.36"
::1 - - [12/Jan/2022:20:00:40 +0700] "GET /lib/ajax/service-nologin.php?info=6-method-calls&cachekey=1641992378&args=%5B%7B%22index%22%3A0%2C%22methodname%22%3A%22core_get_string%22%2C%22args%22%3A%7B%22stringid%22%3A%22cancel%22%2C%22stringparams%22%3A%5B%5D%2C%22component%22%3A%22core%22%2C%22lang%22%3A%22en%22%7D%7D%2C%7B%22index%22%3A1%2C%22methodname%22%3A%22core_get_string%22%2C%22args%22%3A%7B%22stringid%22%3A%22closebuttontitle%22%2C%22stringparams%22%3A%5B%5D%2C%22component%22%3A%22core%22%2C%22lang%22%3A%22en%22%7D%7D%2C%7B%22index%22%3A2%2C%22methodname%22%3A%22core_get_string%22%2C%22args%22%3A%7B%22stringid%22%3A%22loading%22%2C%22stringparams%22%3A%5B%5D%2C%22component%22%3A%22core%22%2C%22lang%22%3A%22en%22%7D%7D%2C%7B%22index%22%3A3%2C%22methodname%22%3A%22core_get_string%22%2C%22args%22%3A%7B%22stringid%22%3A%22savechanges%22%2C%22stringparams%22%3A%5B%5D%2C%22component%22%3A%22core%22%2C%22lang%22%3A%22en%22%7D%7D%2C%7B%22index%22%3A4%2C%22methodname%22%3A%22core_get_string%22%2C%22args%22%3A%7B%22stringid%22%3A%22showless%22%2C%22stringparams%22%3A%5B%5D%2C%22component%22%3A%22core_form%22%2C%22lang%22%3A%22en%22%7D%7D%2C%7B%22index%22%3A5%2C%22methodname%22%3A%22core_get_string%22%2C%22args%22%3A%7B%22stringid%22%3A%22showmore%22%2C%22stringparams%22%3A%5B%5D%2C%22component%22%3A%22core_form%22%2C%22lang%22%3A%22en%22%7D%7D%5D HTTP/1.1" 200 211 "http://localhost:81/user/editadvanced.php?id=2" "Mozilla/5.0 (Windows NT 10.0; Win64; x64) AppleWebKit/537.36 (KHTML, like Gecko) Chrome/97.0.4692.71 Safari/537.36"
::1 - - [12/Jan/2022:20:00:41 +0700] "GET /lib/ajax/service-nologin.php?info=core_output_load_template_with_dependencies,core_output_load_template_with_dependencies,core_output_load_template_with_dependencies,core_output_load_template_with_dependencies&cachekey=1641992378&args=%5B%7B%22index%22%3A0%2C%22methodname%22%3A%22core_output_load_template_with_dependencies%22%2C%22args%22%3A%7B%22component%22%3A%22core%22%2C%22template%22%3A%22loading%22%2C%22themename%22%3A%22boost%22%2C%22lang%22%3A%22en%22%7D%7D%2C%7B%22index%22%3A1%2C%22methodname%22%3A%22core_output_load_template_with_dependencies%22%2C%22args%22%3A%7B%22component%22%3A%22core%22%2C%22template%22%3A%22modal%22%2C%22themename%22%3A%22boost%22%2C%22lang%22%3A%22en%22%7D%7D%2C%7B%22index%22%3A2%2C%22methodname%22%3A%22core_output_load_template_with_dependencies%22%2C%22args%22%3A%7B%22component%22%3A%22core%22%2C%22template%22%3A%22modal_backdrop%22%2C%22themename%22%3A%22boost%22%2C%22lang%22%3A%22en%22%7D%7D%2C%7B%22index%22%3A3%2C%22methodname%22%3A%22core_output_load_template_with_dependencies%22%2C%22args%22%3A%7B%22component%22%3A%22core%22%2C%22template%22%3A%22pix_icon_fontawesome%22%2C%22themename%22%3A%22boost%22%2C%22lang%22%3A%22en%22%7D%7D%5D HTTP/1.1" 200 2353 "http://localhost:81/user/editadvanced.php?id=2" "Mozilla/5.0 (Windows NT 10.0; Win64; x64) AppleWebKit/537.36 (KHTML, like Gecko) Chrome/97.0.4692.71 Safari/537.36"
::1 - - [12/Jan/2022:20:01:01 +0700] "POST /user/editadvanced.php HTTP/1.1" 303 1490 "http://localhost:81/user/editadvanced.php?id=2" "Mozilla/5.0 (Windows NT 10.0; Win64; x64) AppleWebKit/537.36 (KHTML, like Gecko) Chrome/97.0.4692.71 Safari/537.36"
::1 - - [12/Jan/2022:20:01:17 +0700] "GET /admin/ HTTP/1.1" 303 1507 "http://localhost:81/user/editadvanced.php?id=2" "Mozilla/5.0 (Windows NT 10.0; Win64; x64) AppleWebKit/537.36 (KHTML, like Gecko) Chrome/97.0.4692.71 Safari/537.36"
::1 - - [12/Jan/2022:20:01:18 +0700] "GET /admin/index.php?cache=1 HTTP/1.1" 303 1521 "http://localhost:81/user/editadvanced.php?id=2" "Mozilla/5.0 (Windows NT 10.0; Win64; x64) AppleWebKit/537.36 (KHTML, like Gecko) Chrome/97.0.4692.71 Safari/537.36"
::1 - - [12/Jan/2022:20:01:19 +0700] "GET /admin/upgradesettings.php?return=site HTTP/1.1" 200 91838 "http://localhost:81/user/editadvanced.php?id=2" "Mozilla/5.0 (Windows NT 10.0; Win64; x64) AppleWebKit/537.36 (KHTML, like Gecko) Chrome/97.0.4692.71 Safari/537.36"
::1 - - [12/Jan/2022:20:01:20 +0700] "GET /theme/yui_combo.php?3.17.2/cssbutton/cssbutton-min.css&3.17.2/tabview/assets/skins/sam/tabview.css&m/1641992378/atto_html/codemirror/codemirror.css HTTP/1.1" 200 2952 "http://localhost:81/admin/upgradesettings.php?return=site" "Mozilla/5.0 (Windows NT 10.0; Win64; x64) AppleWebKit/537.36 (KHTML, like Gecko) Chrome/97.0.4692.71 Safari/537.36"
::1 - - [12/Jan/2022:20:01:20 +0700] "GET /theme/yui_combo.php?3.17.2/datatype-xml-parse/datatype-xml-parse-min.js&3.17.2/io-xdr/io-xdr-min.js&3.17.2/io-form/io-form-min.js&3.17.2/io-upload-iframe/io-upload-iframe-min.js&3.17.2/queue-promote/queue-promote-min.js&3.17.2/io-queue/io-queue-min.js&3.17.2/event-mousewheel/event-mousewheel-min.js&3.17.2/event-resize/event-resize-min.js&3.17.2/event-hover/event-hover-min.js&3.17.2/event-touch/event-touch-min.js&3.17.2/event-move/event-move-min.js&3.17.2/event-flick/event-flick-min.js&3.17.2/event-valuechange/event-valuechange-min.js&3.17.2/event-tap/event-tap-min.js&3.17.2/event-simulate/event-simulate-min.js&3.17.2/node-event-html5/node-event-html5-min.js&3.17.2/async-queue/async-queue-min.js&3.17.2/gesture-simulate/gesture-simulate-min.js&3.17.2/node-event-simulate/node-event-simulate-min.js&m/1641992378/core/widget/widget-focusafterclose-min.js&3.17.2/plugin/plugin-min.js&m/1641992378/core/lockscroll/lockscroll-min.js&m/1641992378/core/notification/notification-dialogue-min.js HTTP/1.1" 200 17288 "http://localhost:81/admin/upgradesettings.php?return=site" "Mozilla/5.0 (Windows NT 10.0; Win64; x64) AppleWebKit/537.36 (KHTML, like Gecko) Chrome/97.0.4692.71 Safari/537.36"
::1 - - [12/Jan/2022:20:01:20 +0700] "GET /theme/yui_combo.php?m/1641992378/form/shortforms/shortforms-min.js&m/1641992378/atto_media/button/button-min.js&m/1641992378/atto_recordrtc/button/button-min.js&m/1641992378/atto_recordrtc/recording/recording-min.js&m/1641992378/atto_managefiles/button/button-min.js&m/1641992378/atto_h5p/button/button-min.js&m/1641992378/atto_accessibilitychecker/button/button-min.js&m/1641992378/atto_accessibilityhelper/button/button-min.js&m/1641992378/atto_underline/button/button-min.js&m/1641992378/atto_strike/button/button-min.js&m/1641992378/atto_subscript/button/button-min.js&m/1641992378/atto_superscript/button/button-min.js&m/1641992378/atto_align/button/button-min.js&3.17.2/arraylist/arraylist-min.js&3.17.2/widget-parent/widget-parent-min.js&3.17.2/widget-child/widget-child-min.js&3.17.2/tabview-base/tabview-base-min.js&3.17.2/node-focusmanager/node-focusmanager-min.js&3.17.2/tabview/tabview-min.js&3.17.2/array-extras/array-extras-min.js&m/1641992378/atto_equation/button/button-min.js HTTP/1.1" 200 23699 "http://localhost:81/admin/upgradesettings.php?return=site" "Mozilla/5.0 (Windows NT 10.0; Win64; x64) AppleWebKit/537.36 (KHTML, like Gecko) Chrome/97.0.4692.71 Safari/537.36"
::1 - - [12/Jan/2022:20:01:20 +0700] "GET /theme/yui_combo.php?m/1641992378/core/notification/notification-confirm-min.js&m/1641992378/editor_atto/rangy/rangy-min.js&3.17.2/handlebars-base/handlebars-base-min.js&3.17.2/handlebars-compiler/handlebars-compiler-min.js&m/1641992378/core/handlebars/handlebars-min.js&3.17.2/timers/timers-min.js&3.17.2/querystring-stringify/querystring-stringify-min.js&m/1641992378/editor_atto/editor/editor-min.js&m/1641992378/editor_atto/menu/menu-min.js&m/1641992378/editor_atto/plugin/plugin-min.js&m/1641992378/atto_collapse/button/button-min.js&m/1641992378/atto_title/button/button-min.js&m/1641992378/atto_bold/button/button-min.js&m/1641992378/atto_italic/button/button-min.js&m/1641992378/atto_unorderedlist/button/button-min.js&m/1641992378/atto_orderedlist/button/button-min.js&m/1641992378/atto_indent/button/button-min.js&m/1641992378/atto_link/button/button-min.js&m/1641992378/atto_emojipicker/button/button-min.js&m/1641992378/atto_image/button/button-min.js HTTP/1.1" 200 61172 "http://localhost:81/admin/upgradesettings.php?return=site" "Mozilla/5.0 (Windows NT 10.0; Win64; x64) AppleWebKit/537.36 (KHTML, like Gecko) Chrome/97.0.4692.71 Safari/537.36"
::1 - - [12/Jan/2022:20:01:20 +0700] "GET /theme/yui_combo.php?m/1641992378/atto_charmap/button/button-min.js&m/1641992378/atto_table/button/button-min.js&m/1641992378/atto_clear/button/button-min.js&m/1641992378/atto_undo/button/button-min.js&3.17.2/promise/promise-min.js&m/1641992378/atto_html/beautify/beautify-min.js&m/1641992378/atto_html/codemirror/codemirror-min.js&m/1641992378/atto_html/button/button-min.js HTTP/1.1" 200 112572 "http://localhost:81/admin/upgradesettings.php?return=site" "Mozilla/5.0 (Windows NT 10.0; Win64; x64) AppleWebKit/537.36 (KHTML, like Gecko) Chrome/97.0.4692.71 Safari/537.36"
::1 - - [12/Jan/2022:20:01:20 +0700] "GET /theme/image.php/boost/core/1641992378/i/info HTTP/1.1" 200 411 "http://localhost:81/admin/upgradesettings.php?return=site" "Mozilla/5.0 (Windows NT 10.0; Win64; x64) AppleWebKit/537.36 (KHTML, like Gecko) Chrome/97.0.4692.71 Safari/537.36"
::1 - - [12/Jan/2022:20:01:20 +0700] "GET /theme/image.php/boost/core/1641992378/i/warning HTTP/1.1" 200 400 "http://localhost:81/admin/upgradesettings.php?return=site" "Mozilla/5.0 (Windows NT 10.0; Win64; x64) AppleWebKit/537.36 (KHTML, like Gecko) Chrome/97.0.4692.71 Safari/537.36"
::1 - - [12/Jan/2022:20:01:21 +0700] "POST /lib/editor/atto/autosave-ajax.php HTTP/1.1" 200 6 "http://localhost:81/admin/upgradesettings.php?return=site" "Mozilla/5.0 (Windows NT 10.0; Win64; x64) AppleWebKit/537.36 (KHTML, like Gecko) Chrome/97.0.4692.71 Safari/537.36"
::1 - - [12/Jan/2022:20:01:22 +0700] "GET /lib/ajax/service-nologin.php?info=core_output_load_template_with_dependencies&cachekey=1641992378&args=%5B%7B%22index%22%3A0%2C%22methodname%22%3A%22core_output_load_template_with_dependencies%22%2C%22args%22%3A%7B%22component%22%3A%22core%22%2C%22template%22%3A%22pix_icon_fontawesome%22%2C%22themename%22%3A%22%22%2C%22lang%22%3A%22en%22%7D%7D%5D HTTP/1.1" 200 489 "http://localhost:81/admin/upgradesettings.php?return=site" "Mozilla/5.0 (Windows NT 10.0; Win64; x64) AppleWebKit/537.36 (KHTML, like Gecko) Chrome/97.0.4692.71 Safari/537.36"
::1 - - [12/Jan/2022:20:01:29 +0700] "GET /theme/image.php/boost/atto_h5p/1641992378/icon HTTP/1.1" 200 720 "http://localhost:81/admin/upgradesettings.php?return=site" "Mozilla/5.0 (Windows NT 10.0; Win64; x64) AppleWebKit/537.36 (KHTML, like Gecko) Chrome/97.0.4692.71 Safari/537.36"
::1 - - [12/Jan/2022:20:03:48 +0700] "POST /lib/editor/atto/autosave-ajax.php HTTP/1.1" 200 6 "http://localhost:81/admin/upgradesettings.php?return=site" "Mozilla/5.0 (Windows NT 10.0; Win64; x64) AppleWebKit/537.36 (KHTML, like Gecko) Chrome/97.0.4692.71 Safari/537.36"
::1 - - [12/Jan/2022:20:03:48 +0700] "POST /admin/upgradesettings.php HTTP/1.1" 200 22790 "http://localhost:81/admin/upgradesettings.php?return=site" "Mozilla/5.0 (Windows NT 10.0; Win64; x64) AppleWebKit/537.36 (KHTML, like Gecko) Chrome/97.0.4692.71 Safari/537.36"
::1 - - [12/Jan/2022:20:03:55 +0700] "POST /admin/upgradesettings.php HTTP/1.1" 303 1484 "http://localhost:81/admin/upgradesettings.php" "Mozilla/5.0 (Windows NT 10.0; Win64; x64) AppleWebKit/537.36 (KHTML, like Gecko) Chrome/97.0.4692.71 Safari/537.36"
::1 - - [12/Jan/2022:20:03:56 +0700] "GET / HTTP/1.1" 303 1487 "http://localhost:81/admin/upgradesettings.php" "Mozilla/5.0 (Windows NT 10.0; Win64; x64) AppleWebKit/537.36 (KHTML, like Gecko) Chrome/97.0.4692.71 Safari/537.36"
::1 - - [12/Jan/2022:20:03:56 +0700] "GET /my/ HTTP/1.1" 200 203984 "http://localhost:81/admin/upgradesettings.php" "Mozilla/5.0 (Windows NT 10.0; Win64; x64) AppleWebKit/537.36 (KHTML, like Gecko) Chrome/97.0.4692.71 Safari/537.36"
::1 - - [12/Jan/2022:20:03:58 +0700] "GET /theme/image.php/boost/block_timeline/1641992378/activities HTTP/1.1" 200 634 "http://localhost:81/my/" "Mozilla/5.0 (Windows NT 10.0; Win64; x64) AppleWebKit/537.36 (KHTML, like Gecko) Chrome/97.0.4692.71 Safari/537.36"
::1 - - [12/Jan/2022:20:03:58 +0700] "POST /lib/ajax/service.php?sesskey=QoKrbD8Bpd&info=core_calendar_get_action_events_by_timesort HTTP/1.1" 200 67 "http://localhost:81/my/" "Mozilla/5.0 (Windows NT 10.0; Win64; x64) AppleWebKit/537.36 (KHTML, like Gecko) Chrome/97.0.4692.71 Safari/537.36"
::1 - - [12/Jan/2022:20:03:58 +0700] "GET /lib/ajax/service-nologin.php?info=core_output_load_template_with_dependencies&cachekey=1641992378&args=%5B%7B%22index%22%3A0%2C%22methodname%22%3A%22core_output_load_template_with_dependencies%22%2C%22args%22%3A%7B%22component%22%3A%22calendar%22%2C%22template%22%3A%22modal_event_form%22%2C%22themename%22%3A%22boost%22%2C%22lang%22%3A%22en%22%7D%7D%5D HTTP/1.1" 200 2157 "http://localhost:81/my/" "Mozilla/5.0 (Windows NT 10.0; Win64; x64) AppleWebKit/537.36 (KHTML, like Gecko) Chrome/97.0.4692.71 Safari/537.36"
::1 - - [12/Jan/2022:20:03:59 +0700] "GET /lib/ajax/service-nologin.php?info=core_get_string&cachekey=1641992378&args=%5B%7B%22index%22%3A0%2C%22methodname%22%3A%22core_get_string%22%2C%22args%22%3A%7B%22stringid%22%3A%22moreevents%22%2C%22stringparams%22%3A%5B%5D%2C%22component%22%3A%22calendar%22%2C%22lang%22%3A%22en%22%7D%7D%5D HTTP/1.1" 200 36 "http://localhost:81/my/" "Mozilla/5.0 (Windows NT 10.0; Win64; x64) AppleWebKit/537.36 (KHTML, like Gecko) Chrome/97.0.4692.71 Safari/537.36"
::1 - - [12/Jan/2022:20:03:59 +0700] "GET /lib/ajax/service-nologin.php?info=core_output_load_template_with_dependencies,core_output_load_template_with_dependencies,core_output_load_template_with_dependencies,core_output_load_template_with_dependencies,core_output_load_template_with_dependencies&cachekey=1641992378&args=%5B%7B%22index%22%3A0%2C%22methodname%22%3A%22core_output_load_template_with_dependencies%22%2C%22args%22%3A%7B%22component%22%3A%22core%22%2C%22template%22%3A%22modal_save_cancel%22%2C%22themename%22%3A%22boost%22%2C%22lang%22%3A%22en%22%7D%7D%2C%7B%22index%22%3A1%2C%22methodname%22%3A%22core_output_load_template_with_dependencies%22%2C%22args%22%3A%7B%22component%22%3A%22core%22%2C%22template%22%3A%22modal_cancel%22%2C%22themename%22%3A%22boost%22%2C%22lang%22%3A%22en%22%7D%7D%2C%7B%22index%22%3A2%2C%22methodname%22%3A%22core_output_load_template_with_dependencies%22%2C%22args%22%3A%7B%22component%22%3A%22core%22%2C%22template%22%3A%22local%2Fmodal%2Falert%22%2C%22themename%22%3A%22boost%22%2C%22lang%22%3A%22en%22%7D%7D%2C%7B%22index%22%3A3%2C%22methodname%22%3A%22core_output_load_template_with_dependencies%22%2C%22args%22%3A%7B%22component%22%3A%22calendar%22%2C%22template%22%3A%22event_delete_modal%22%2C%22themename%22%3A%22boost%22%2C%22lang%22%3A%22en%22%7D%7D%2C%7B%22index%22%3A4%2C%22methodname%22%3A%22core_output_load_template_with_dependencies%22%2C%22args%22%3A%7B%22component%22%3A%22core_calendar%22%2C%22template%22%3A%22event_summary_modal%22%2C%22themename%22%3A%22boost%22%2C%22lang%22%3A%22en%22%7D%7D%5D HTTP/1.1" 200 9855 "http://localhost:81/my/" "Mozilla/5.0 (Windows NT 10.0; Win64; x64) AppleWebKit/537.36 (KHTML, like Gecko) Chrome/97.0.4692.71 Safari/537.36"
::1 - - [12/Jan/2022:20:05:18 +0700] "GET /admin/search.php HTTP/1.1" 200 228526 "http://localhost:81/my/" "Mozilla/5.0 (Windows NT 10.0; Win64; x64) AppleWebKit/537.36 (KHTML, like Gecko) Chrome/97.0.4692.71 Safari/537.36"
