7:52:14 PM  [main] 	Initializing Control Panel
7:52:14 PM  [main] 	Windows Version:  Home  64-bit
7:52:14 PM  [main] 	XAMPP Version: 7.3.11
7:52:14 PM  [main] 	Control Panel Version: 3.2.4  [ Compiled: Jun 5th 2019 ]
7:52:14 PM  [main] 	You are not running with administrator rights! This will work for
7:52:14 PM  [main] 	most application stuff but whenever you do something with services
7:52:14 PM  [main] 	there will be a security dialogue or things will break! So think 
7:52:14 PM  [main] 	about running this application with administrator rights!
7:52:14 PM  [main] 	XAMPP Installation Directory: "d:\moodlewindowsinstaller-latest\server\"
7:52:14 PM  [main] 	Checking for prerequisites
7:52:14 PM  [main] 	All prerequisites found
7:52:14 PM  [main] 	Initializing Modules
7:52:14 PM  [Apache] 	Problem detected!
7:52:14 PM  [Apache] 	Port 80 in use by "Unable to open process" with PID 4!
7:52:14 PM  [Apache] 	Apache WILL NOT start without the configured ports free!
7:52:14 PM  [Apache] 	You need to uninstall/disable/reconfigure the blocking application
7:52:14 PM  [Apache] 	or reconfigure Apache and the Control Panel to listen on a different port
7:52:14 PM  [main] 	The FileZilla module is disabled
7:52:14 PM  [main] 	The Mercury module is disabled
7:52:14 PM  [Tomcat] 	Problem detected: Tomcat Not Found!
7:52:14 PM  [Tomcat] 	Disabling Tomcat buttons
7:52:14 PM  [Tomcat] 	Run this program from your XAMPP root directory!
7:52:14 PM  [Tomcat] 	Problem detected: Required Tool catalina_start.bat Not Found!
7:52:14 PM  [Tomcat] 	Problem detected: Required Tool catalina_stop.bat Not Found!
7:52:14 PM  [Tomcat] 	Problem detected: Required Tool catalina_service.bat Not Found!
7:52:14 PM  [main] 	Starting Check-Timer
7:52:14 PM  [main] 	Control Panel Ready
7:52:43 PM  [Apache] 	Problem detected!
7:52:43 PM  [Apache] 	Port 80 in use by "Unable to open process" with PID 4!
7:52:43 PM  [Apache] 	Apache WILL NOT start without the configured ports free!
7:52:43 PM  [Apache] 	You need to uninstall/disable/reconfigure the blocking application
7:52:43 PM  [Apache] 	or reconfigure Apache and the Control Panel to listen on a different port
7:52:43 PM  [Apache] 	Attempting to start Apache app...
7:52:44 PM  [Apache] 	Status change detected: running
7:52:44 PM  [Apache] 	Status change detected: stopped
7:52:44 PM  [Apache] 	Error: Apache shutdown unexpectedly.
7:52:44 PM  [Apache] 	This may be due to a blocked port, missing dependencies, 
7:52:44 PM  [Apache] 	improper privileges, a crash, or a shutdown by another method.
7:52:44 PM  [Apache] 	Press the Logs button to view error logs and check
7:52:44 PM  [Apache] 	the Windows Event Viewer for more clues
7:52:44 PM  [Apache] 	If you need more help, copy and post this
7:52:44 PM  [Apache] 	entire log window on the forums
7:53:16 PM  [Apache] 	Problem detected!
7:53:16 PM  [Apache] 	Port 80 in use by "Unable to open process" with PID 4!
7:53:16 PM  [Apache] 	Apache WILL NOT start without the configured ports free!
7:53:16 PM  [Apache] 	You need to uninstall/disable/reconfigure the blocking application
7:53:16 PM  [Apache] 	or reconfigure Apache and the Control Panel to listen on a different port
7:53:16 PM  [Apache] 	Attempting to start Apache app...
7:53:16 PM  [Apache] 	Status change detected: running
7:53:16 PM  [Apache] 	Status change detected: stopped
7:53:16 PM  [Apache] 	Error: Apache shutdown unexpectedly.
7:53:16 PM  [Apache] 	This may be due to a blocked port, missing dependencies, 
7:53:16 PM  [Apache] 	improper privileges, a crash, or a shutdown by another method.
7:53:16 PM  [Apache] 	Press the Logs button to view error logs and check
7:53:16 PM  [Apache] 	the Windows Event Viewer for more clues
7:53:16 PM  [Apache] 	If you need more help, copy and post this
7:53:16 PM  [Apache] 	entire log window on the forums
7:53:26 PM  [main] 	Deinitializing Modules
7:53:26 PM  [main] 	Deinitializing Control Panel

7:55:21 PM  [main] 	Initializing Control Panel
7:55:21 PM  [main] 	Windows Version:  Home  64-bit
7:55:21 PM  [main] 	XAMPP Version: 7.3.11
7:55:21 PM  [main] 	Control Panel Version: 3.2.4  [ Compiled: Jun 5th 2019 ]
7:55:21 PM  [main] 	You are not running with administrator rights! This will work for
7:55:21 PM  [main] 	most application stuff but whenever you do something with services
7:55:21 PM  [main] 	there will be a security dialogue or things will break! So think 
7:55:21 PM  [main] 	about running this application with administrator rights!
7:55:21 PM  [main] 	XAMPP Installation Directory: "d:\moodlewindowsinstaller-latest\server\"
7:55:21 PM  [main] 	Checking for prerequisites
7:55:21 PM  [main] 	All prerequisites found
7:55:21 PM  [main] 	Initializing Modules
7:55:21 PM  [Apache] 	Problem detected!
7:55:21 PM  [Apache] 	Port 80 in use by "Unable to open process" with PID 4!
7:55:21 PM  [Apache] 	Apache WILL NOT start without the configured ports free!
7:55:21 PM  [Apache] 	You need to uninstall/disable/reconfigure the blocking application
7:55:21 PM  [Apache] 	or reconfigure Apache and the Control Panel to listen on a different port
7:55:21 PM  [main] 	The FileZilla module is disabled
7:55:21 PM  [main] 	The Mercury module is disabled
7:55:21 PM  [Tomcat] 	Problem detected: Tomcat Not Found!
7:55:21 PM  [Tomcat] 	Disabling Tomcat buttons
7:55:21 PM  [Tomcat] 	Run this program from your XAMPP root directory!
7:55:21 PM  [Tomcat] 	Problem detected: Required Tool catalina_start.bat Not Found!
7:55:21 PM  [Tomcat] 	Problem detected: Required Tool catalina_stop.bat Not Found!
7:55:21 PM  [Tomcat] 	Problem detected: Required Tool catalina_service.bat Not Found!
7:55:21 PM  [main] 	Starting Check-Timer
7:55:21 PM  [main] 	Control Panel Ready
7:55:45 PM  [main] 	Deinitializing Modules
7:55:45 PM  [main] 	Deinitializing Control Panel

